This file contains any messages produced by compilers while
running configure, to aid debugging if configure makes a mistake.

It was created by liquid-dsp configure 1.2.0, which was
generated by GNU Autoconf 2.63.  Invocation command line was

  $ ./configure 

## --------- ##
## Platform. ##
## --------- ##

hostname = server11288.baremetalcloud.com
uname -m = x86_64
uname -r = 2.6.32-504.16.2.el6.x86_64
uname -s = Linux
uname -v = #1 SMP Wed Apr 22 06:48:29 UTC 2015

/usr/bin/uname -p = unknown
/bin/uname -X     = unknown

/bin/arch              = x86_64
/usr/bin/arch -k       = unknown
/usr/convex/getsysinfo = unknown
/usr/bin/hostinfo      = unknown
/bin/machine           = unknown
/usr/bin/oslevel       = unknown
/bin/universe          = unknown

PATH: /usr/local/rvm/gems/ruby-2.1.4/bin
PATH: /usr/local/rvm/gems/ruby-2.1.4@global/bin
PATH: /usr/local/rvm/rubies/ruby-2.1.4/bin
PATH: /usr/local/rvm/bin
PATH: /usr/local/sbin
PATH: /usr/local/bin
PATH: /sbin
PATH: /bin
PATH: /usr/sbin
PATH: /usr/bin
PATH: /opt/dell/srvadmin/bin
PATH: /opt/dell/srvadmin/sbin
PATH: /root/bin
PATH: /root/bin
PATH: /usr/local/lib/ruby/gems/1.9.1/bin


## ----------- ##
## Core tests. ##
## ----------- ##

configure:1961: checking for gcc
configure:1977: found /usr/bin/gcc
configure:1988: result: gcc
configure:2220: checking for C compiler version
configure:2228: gcc --version >&5
gcc (GCC) 4.4.7 20120313 (Red Hat 4.4.7-16)
Copyright (C) 2010 Free Software Foundation, Inc.
This is free software; see the source for copying conditions.  There is NO
warranty; not even for MERCHANTABILITY or FITNESS FOR A PARTICULAR PURPOSE.

configure:2232: $? = 0
configure:2239: gcc -v >&5
Using built-in specs.
Target: x86_64-redhat-linux
Configured with: ../configure --prefix=/usr --mandir=/usr/share/man --infodir=/usr/share/info --with-bugurl=http://bugzilla.redhat.com/bugzilla --enable-bootstrap --enable-shared --enable-threads=posix --enable-checking=release --with-system-zlib --enable-__cxa_atexit --disable-libunwind-exceptions --enable-gnu-unique-object --enable-languages=c,c++,objc,obj-c++,java,fortran,ada --enable-java-awt=gtk --disable-dssi --with-java-home=/usr/lib/jvm/java-1.5.0-gcj-1.5.0.0/jre --enable-libgcj-multifile --enable-java-maintainer-mode --with-ecj-jar=/usr/share/java/eclipse-ecj.jar --disable-libjava-multilib --with-ppl --with-cloog --with-tune=generic --with-arch_32=i686 --build=x86_64-redhat-linux
Thread model: posix
gcc version 4.4.7 20120313 (Red Hat 4.4.7-16) (GCC) 
configure:2243: $? = 0
configure:2250: gcc -V >&5
gcc: '-V' option must have argument
configure:2254: $? = 1
configure:2277: checking for C compiler default output file name
configure:2299: gcc    conftest.c  >&5
configure:2303: $? = 0
configure:2341: result: a.out
configure:2360: checking whether the C compiler works
configure:2370: ./a.out
configure:2374: $? = 0
configure:2393: result: yes
configure:2400: checking whether we are cross compiling
configure:2402: result: no
configure:2405: checking for suffix of executables
configure:2412: gcc -o conftest    conftest.c  >&5
configure:2416: $? = 0
configure:2442: result: 
configure:2448: checking for suffix of object files
configure:2474: gcc -c   conftest.c >&5
configure:2478: $? = 0
configure:2503: result: o
configure:2507: checking whether we are using the GNU C compiler
configure:2536: gcc -c   conftest.c >&5
configure:2543: $? = 0
configure:2560: result: yes
configure:2569: checking whether gcc accepts -g
configure:2599: gcc -c -g  conftest.c >&5
configure:2606: $? = 0
configure:2707: result: yes
configure:2724: checking for gcc option to accept ISO C89
configure:2798: gcc  -c -g -O2  conftest.c >&5
configure:2805: $? = 0
configure:2828: result: none needed
configure:2846: checking for a sed that does not truncate output
configure:2912: result: /bin/sed
configure:2917: checking for grep that handles long lines and -e
configure:2977: result: /bin/grep
configure:2996: checking for a BSD-compatible install
configure:3064: result: /usr/bin/install -c
configure:3118: checking for ranlib
configure:3134: found /usr/bin/ranlib
configure:3145: result: ranlib
configure:3170: checking for error_at_line
configure:3196: gcc -o conftest -g -O2   conftest.c  >&5
configure:3203: $? = 0
configure:3223: result: yes
configure:3239: checking how to run the C preprocessor
configure:3279: gcc -E  conftest.c
configure:3286: $? = 0
configure:3317: gcc -E  conftest.c
conftest.c:8:28: error: ac_nonexistent.h: No such file or directory
configure:3324: $? = 1
configure: failed program was:
| /* confdefs.h.  */
| #define PACKAGE_NAME "liquid-dsp"
| #define PACKAGE_TARNAME "liquid-dsp"
| #define PACKAGE_VERSION "1.2.0"
| #define PACKAGE_STRING "liquid-dsp 1.2.0"
| #define PACKAGE_BUGREPORT "support@liquidsdr.org"
| /* end confdefs.h.  */
| #include <ac_nonexistent.h>
configure:3357: result: gcc -E
configure:3386: gcc -E  conftest.c
configure:3393: $? = 0
configure:3424: gcc -E  conftest.c
conftest.c:8:28: error: ac_nonexistent.h: No such file or directory
configure:3431: $? = 1
configure: failed program was:
| /* confdefs.h.  */
| #define PACKAGE_NAME "liquid-dsp"
| #define PACKAGE_TARNAME "liquid-dsp"
| #define PACKAGE_VERSION "1.2.0"
| #define PACKAGE_STRING "liquid-dsp 1.2.0"
| #define PACKAGE_BUGREPORT "support@liquidsdr.org"
| /* end confdefs.h.  */
| #include <ac_nonexistent.h>
configure:3471: checking for egrep
configure:3535: result: /bin/grep -E
configure:3540: checking for ANSI C header files
configure:3570: gcc -c -g -O2  conftest.c >&5
configure:3577: $? = 0
configure:3676: gcc -o conftest -g -O2   conftest.c  >&5
configure:3680: $? = 0
configure:3686: ./conftest
configure:3690: $? = 0
configure:3708: result: yes
configure:3732: checking for sys/types.h
configure:3753: gcc -c -g -O2  conftest.c >&5
configure:3760: $? = 0
configure:3777: result: yes
configure:3732: checking for sys/stat.h
configure:3753: gcc -c -g -O2  conftest.c >&5
configure:3760: $? = 0
configure:3777: result: yes
configure:3732: checking for stdlib.h
configure:3753: gcc -c -g -O2  conftest.c >&5
configure:3760: $? = 0
configure:3777: result: yes
configure:3732: checking for string.h
configure:3753: gcc -c -g -O2  conftest.c >&5
configure:3760: $? = 0
configure:3777: result: yes
configure:3732: checking for memory.h
configure:3753: gcc -c -g -O2  conftest.c >&5
configure:3760: $? = 0
configure:3777: result: yes
configure:3732: checking for strings.h
configure:3753: gcc -c -g -O2  conftest.c >&5
configure:3760: $? = 0
configure:3777: result: yes
configure:3732: checking for inttypes.h
configure:3753: gcc -c -g -O2  conftest.c >&5
configure:3760: $? = 0
configure:3777: result: yes
configure:3732: checking for stdint.h
configure:3753: gcc -c -g -O2  conftest.c >&5
configure:3760: $? = 0
configure:3777: result: yes
configure:3732: checking for unistd.h
configure:3753: gcc -c -g -O2  conftest.c >&5
configure:3760: $? = 0
configure:3777: result: yes
configure:3796: checking for stdlib.h
configure:3803: result: yes
configure:3942: checking for GNU libc compatible malloc
configure:3976: gcc -o conftest -g -O2   conftest.c  >&5
configure:3980: $? = 0
configure:3986: ./conftest
configure:3990: $? = 0
configure:4007: result: yes
configure:4040: checking for stdlib.h
configure:4047: result: yes
configure:4186: checking for GNU libc compatible realloc
configure:4220: gcc -o conftest -g -O2   conftest.c  >&5
configure:4224: $? = 0
configure:4230: ./conftest
configure:4234: $? = 0
configure:4251: result: yes
configure:4282: checking for main in -lc
configure:4311: gcc -o conftest -g -O2   conftest.c -lc   >&5
configure:4318: $? = 0
configure:4339: result: yes
configure:4355: checking for main in -lm
configure:4384: gcc -o conftest -g -O2   conftest.c -lm  -lc  >&5
configure:4391: $? = 0
configure:4412: result: yes
configure:4429: checking for malloc
configure:4485: gcc -o conftest -g -O2   conftest.c -lm -lc  >&5
conftest.c:47: warning: conflicting types for built-in function 'malloc'
configure:4492: $? = 0
configure:4512: result: yes
configure:4522: checking for realloc
configure:4578: gcc -o conftest -g -O2   conftest.c -lm -lc  >&5
conftest.c:47: warning: conflicting types for built-in function 'realloc'
configure:4585: $? = 0
configure:4605: result: yes
configure:4615: checking for free
configure:4671: gcc -o conftest -g -O2   conftest.c -lm -lc  >&5
conftest.c:47: warning: conflicting types for built-in function 'free'
configure:4678: $? = 0
configure:4698: result: yes
configure:4708: checking for memset
configure:4764: gcc -o conftest -g -O2   conftest.c -lm -lc  >&5
conftest.c:47: warning: conflicting types for built-in function 'memset'
configure:4771: $? = 0
configure:4791: result: yes
configure:4801: checking for memmove
configure:4857: gcc -o conftest -g -O2   conftest.c -lm -lc  >&5
conftest.c:47: warning: conflicting types for built-in function 'memmove'
configure:4864: $? = 0
configure:4884: result: yes
configure:4895: checking for sinf
configure:4951: gcc -o conftest -g -O2   conftest.c -lm -lc  >&5
conftest.c:47: warning: conflicting types for built-in function 'sinf'
configure:4958: $? = 0
configure:4978: result: yes
configure:4988: checking for cosf
configure:5044: gcc -o conftest -g -O2   conftest.c -lm -lc  >&5
conftest.c:47: warning: conflicting types for built-in function 'cosf'
configure:5051: $? = 0
configure:5071: result: yes
configure:5081: checking for expf
configure:5137: gcc -o conftest -g -O2   conftest.c -lm -lc  >&5
conftest.c:47: warning: conflicting types for built-in function 'expf'
configure:5144: $? = 0
configure:5164: result: yes
configure:5174: checking for cargf
configure:5230: gcc -o conftest -g -O2   conftest.c -lm -lc  >&5
conftest.c:47: warning: conflicting types for built-in function 'cargf'
configure:5237: $? = 0
configure:5257: result: yes
configure:5267: checking for cexpf
configure:5323: gcc -o conftest -g -O2   conftest.c -lm -lc  >&5
conftest.c:47: warning: conflicting types for built-in function 'cexpf'
configure:5330: $? = 0
configure:5350: result: yes
configure:5360: checking for crealf
configure:5416: gcc -o conftest -g -O2   conftest.c -lm -lc  >&5
conftest.c:47: warning: conflicting types for built-in function 'crealf'
configure:5423: $? = 0
configure:5443: result: yes
configure:5453: checking for cimagf
configure:5509: gcc -o conftest -g -O2   conftest.c -lm -lc  >&5
conftest.c:47: warning: conflicting types for built-in function 'cimagf'
configure:5516: $? = 0
configure:5536: result: yes
configure:5546: checking for sqrtf
configure:5602: gcc -o conftest -g -O2   conftest.c -lm -lc  >&5
conftest.c:47: warning: conflicting types for built-in function 'sqrtf'
configure:5609: $? = 0
configure:5629: result: yes
configure:5668: checking stdio.h usability
configure:5685: gcc -c -g -O2  conftest.c >&5
configure:5692: $? = 0
configure:5706: result: yes
configure:5710: checking stdio.h presence
configure:5725: gcc -E  conftest.c
configure:5732: $? = 0
configure:5746: result: yes
configure:5779: checking for stdio.h
configure:5788: result: yes
configure:5657: checking for stdlib.h
configure:5664: result: yes
configure:5668: checking complex.h usability
configure:5685: gcc -c -g -O2  conftest.c >&5
configure:5692: $? = 0
configure:5706: result: yes
configure:5710: checking complex.h presence
configure:5725: gcc -E  conftest.c
configure:5732: $? = 0
configure:5746: result: yes
configure:5779: checking for complex.h
configure:5788: result: yes
configure:5657: checking for string.h
configure:5664: result: yes
configure:5668: checking getopt.h usability
configure:5685: gcc -c -g -O2  conftest.c >&5
configure:5692: $? = 0
configure:5706: result: yes
configure:5710: checking getopt.h presence
configure:5725: gcc -E  conftest.c
configure:5732: $? = 0
configure:5746: result: yes
configure:5779: checking for getopt.h
configure:5788: result: yes
configure:5668: checking sys/resource.h usability
configure:5685: gcc -c -g -O2  conftest.c >&5
configure:5692: $? = 0
configure:5706: result: yes
configure:5710: checking sys/resource.h presence
configure:5725: gcc -E  conftest.c
configure:5732: $? = 0
configure:5746: result: yes
configure:5779: checking for sys/resource.h
configure:5788: result: yes
configure:5668: checking float.h usability
configure:5685: gcc -c -g -O2  conftest.c >&5
configure:5692: $? = 0
configure:5706: result: yes
configure:5710: checking float.h presence
configure:5725: gcc -E  conftest.c
configure:5732: $? = 0
configure:5746: result: yes
configure:5779: checking for float.h
configure:5788: result: yes
configure:5657: checking for inttypes.h
configure:5664: result: yes
configure:5668: checking limits.h usability
configure:5685: gcc -c -g -O2  conftest.c >&5
configure:5692: $? = 0
configure:5706: result: yes
configure:5710: checking limits.h presence
configure:5725: gcc -E  conftest.c
configure:5732: $? = 0
configure:5746: result: yes
configure:5779: checking for limits.h
configure:5788: result: yes
configure:5657: checking for stdlib.h
configure:5664: result: yes
configure:5657: checking for string.h
configure:5664: result: yes
configure:5657: checking for unistd.h
configure:5664: result: yes
configure:5828: checking fec.h usability
configure:5845: gcc -c -g -O2  conftest.c >&5
conftest.c:69:17: error: fec.h: No such file or directory
configure:5852: $? = 1
configure: failed program was:
| /* confdefs.h.  */
| #define PACKAGE_NAME "liquid-dsp"
| #define PACKAGE_TARNAME "liquid-dsp"
| #define PACKAGE_VERSION "1.2.0"
| #define PACKAGE_STRING "liquid-dsp 1.2.0"
| #define PACKAGE_BUGREPORT "support@liquidsdr.org"
| #define STDC_HEADERS 1
| #define HAVE_SYS_TYPES_H 1
| #define HAVE_SYS_STAT_H 1
| #define HAVE_STDLIB_H 1
| #define HAVE_STRING_H 1
| #define HAVE_MEMORY_H 1
| #define HAVE_STRINGS_H 1
| #define HAVE_INTTYPES_H 1
| #define HAVE_STDINT_H 1
| #define HAVE_UNISTD_H 1
| #define HAVE_STDLIB_H 1
| #define HAVE_MALLOC 1
| #define HAVE_STDLIB_H 1
| #define HAVE_REALLOC 1
| #define HAVE_LIBC 1
| #define HAVE_LIBM 1
| #define HAVE_STDIO_H 1
| #define HAVE_STDLIB_H 1
| #define HAVE_COMPLEX_H 1
| #define HAVE_STRING_H 1
| #define HAVE_GETOPT_H 1
| #define HAVE_SYS_RESOURCE_H 1
| #define HAVE_FLOAT_H 1
| #define HAVE_INTTYPES_H 1
| #define HAVE_LIMITS_H 1
| #define HAVE_STDLIB_H 1
| #define HAVE_STRING_H 1
| #define HAVE_UNISTD_H 1
| /* end confdefs.h.  */
| #include <stdio.h>
| #ifdef HAVE_SYS_TYPES_H
| # include <sys/types.h>
| #endif
| #ifdef HAVE_SYS_STAT_H
| # include <sys/stat.h>
| #endif
| #ifdef STDC_HEADERS
| # include <stdlib.h>
| # include <stddef.h>
| #else
| # ifdef HAVE_STDLIB_H
| #  include <stdlib.h>
| # endif
| #endif
| #ifdef HAVE_STRING_H
| # if !defined STDC_HEADERS && defined HAVE_MEMORY_H
| #  include <memory.h>
| # endif
| # include <string.h>
| #endif
| #ifdef HAVE_STRINGS_H
| # include <strings.h>
| #endif
| #ifdef HAVE_INTTYPES_H
| # include <inttypes.h>
| #endif
| #ifdef HAVE_STDINT_H
| # include <stdint.h>
| #endif
| #ifdef HAVE_UNISTD_H
| # include <unistd.h>
| #endif
| #include <fec.h>
configure:5866: result: no
configure:5870: checking fec.h presence
configure:5885: gcc -E  conftest.c
conftest.c:36:17: error: fec.h: No such file or directory
configure:5892: $? = 1
configure: failed program was:
| /* confdefs.h.  */
| #define PACKAGE_NAME "liquid-dsp"
| #define PACKAGE_TARNAME "liquid-dsp"
| #define PACKAGE_VERSION "1.2.0"
| #define PACKAGE_STRING "liquid-dsp 1.2.0"
| #define PACKAGE_BUGREPORT "support@liquidsdr.org"
| #define STDC_HEADERS 1
| #define HAVE_SYS_TYPES_H 1
| #define HAVE_SYS_STAT_H 1
| #define HAVE_STDLIB_H 1
| #define HAVE_STRING_H 1
| #define HAVE_MEMORY_H 1
| #define HAVE_STRINGS_H 1
| #define HAVE_INTTYPES_H 1
| #define HAVE_STDINT_H 1
| #define HAVE_UNISTD_H 1
| #define HAVE_STDLIB_H 1
| #define HAVE_MALLOC 1
| #define HAVE_STDLIB_H 1
| #define HAVE_REALLOC 1
| #define HAVE_LIBC 1
| #define HAVE_LIBM 1
| #define HAVE_STDIO_H 1
| #define HAVE_STDLIB_H 1
| #define HAVE_COMPLEX_H 1
| #define HAVE_STRING_H 1
| #define HAVE_GETOPT_H 1
| #define HAVE_SYS_RESOURCE_H 1
| #define HAVE_FLOAT_H 1
| #define HAVE_INTTYPES_H 1
| #define HAVE_LIMITS_H 1
| #define HAVE_STDLIB_H 1
| #define HAVE_STRING_H 1
| #define HAVE_UNISTD_H 1
| /* end confdefs.h.  */
| #include <fec.h>
configure:5906: result: no
configure:5939: checking for fec.h
configure:5948: result: no
configure:5828: checking fftw3.h usability
configure:5845: gcc -c -g -O2  conftest.c >&5
conftest.c:69:19: error: fftw3.h: No such file or directory
configure:5852: $? = 1
configure: failed program was:
| /* confdefs.h.  */
| #define PACKAGE_NAME "liquid-dsp"
| #define PACKAGE_TARNAME "liquid-dsp"
| #define PACKAGE_VERSION "1.2.0"
| #define PACKAGE_STRING "liquid-dsp 1.2.0"
| #define PACKAGE_BUGREPORT "support@liquidsdr.org"
| #define STDC_HEADERS 1
| #define HAVE_SYS_TYPES_H 1
| #define HAVE_SYS_STAT_H 1
| #define HAVE_STDLIB_H 1
| #define HAVE_STRING_H 1
| #define HAVE_MEMORY_H 1
| #define HAVE_STRINGS_H 1
| #define HAVE_INTTYPES_H 1
| #define HAVE_STDINT_H 1
| #define HAVE_UNISTD_H 1
| #define HAVE_STDLIB_H 1
| #define HAVE_MALLOC 1
| #define HAVE_STDLIB_H 1
| #define HAVE_REALLOC 1
| #define HAVE_LIBC 1
| #define HAVE_LIBM 1
| #define HAVE_STDIO_H 1
| #define HAVE_STDLIB_H 1
| #define HAVE_COMPLEX_H 1
| #define HAVE_STRING_H 1
| #define HAVE_GETOPT_H 1
| #define HAVE_SYS_RESOURCE_H 1
| #define HAVE_FLOAT_H 1
| #define HAVE_INTTYPES_H 1
| #define HAVE_LIMITS_H 1
| #define HAVE_STDLIB_H 1
| #define HAVE_STRING_H 1
| #define HAVE_UNISTD_H 1
| /* end confdefs.h.  */
| #include <stdio.h>
| #ifdef HAVE_SYS_TYPES_H
| # include <sys/types.h>
| #endif
| #ifdef HAVE_SYS_STAT_H
| # include <sys/stat.h>
| #endif
| #ifdef STDC_HEADERS
| # include <stdlib.h>
| # include <stddef.h>
| #else
| # ifdef HAVE_STDLIB_H
| #  include <stdlib.h>
| # endif
| #endif
| #ifdef HAVE_STRING_H
| # if !defined STDC_HEADERS && defined HAVE_MEMORY_H
| #  include <memory.h>
| # endif
| # include <string.h>
| #endif
| #ifdef HAVE_STRINGS_H
| # include <strings.h>
| #endif
| #ifdef HAVE_INTTYPES_H
| # include <inttypes.h>
| #endif
| #ifdef HAVE_STDINT_H
| # include <stdint.h>
| #endif
| #ifdef HAVE_UNISTD_H
| # include <unistd.h>
| #endif
| #include <fftw3.h>
configure:5866: result: no
configure:5870: checking fftw3.h presence
configure:5885: gcc -E  conftest.c
conftest.c:36:19: error: fftw3.h: No such file or directory
configure:5892: $? = 1
configure: failed program was:
| /* confdefs.h.  */
| #define PACKAGE_NAME "liquid-dsp"
| #define PACKAGE_TARNAME "liquid-dsp"
| #define PACKAGE_VERSION "1.2.0"
| #define PACKAGE_STRING "liquid-dsp 1.2.0"
| #define PACKAGE_BUGREPORT "support@liquidsdr.org"
| #define STDC_HEADERS 1
| #define HAVE_SYS_TYPES_H 1
| #define HAVE_SYS_STAT_H 1
| #define HAVE_STDLIB_H 1
| #define HAVE_STRING_H 1
| #define HAVE_MEMORY_H 1
| #define HAVE_STRINGS_H 1
| #define HAVE_INTTYPES_H 1
| #define HAVE_STDINT_H 1
| #define HAVE_UNISTD_H 1
| #define HAVE_STDLIB_H 1
| #define HAVE_MALLOC 1
| #define HAVE_STDLIB_H 1
| #define HAVE_REALLOC 1
| #define HAVE_LIBC 1
| #define HAVE_LIBM 1
| #define HAVE_STDIO_H 1
| #define HAVE_STDLIB_H 1
| #define HAVE_COMPLEX_H 1
| #define HAVE_STRING_H 1
| #define HAVE_GETOPT_H 1
| #define HAVE_SYS_RESOURCE_H 1
| #define HAVE_FLOAT_H 1
| #define HAVE_INTTYPES_H 1
| #define HAVE_LIMITS_H 1
| #define HAVE_STDLIB_H 1
| #define HAVE_STRING_H 1
| #define HAVE_UNISTD_H 1
| /* end confdefs.h.  */
| #include <fftw3.h>
configure:5906: result: no
configure:5939: checking for fftw3.h
configure:5948: result: no
configure:5964: checking for fftwf_plan_dft_1d in -lfftw3f
configure:5999: gcc -o conftest -g -O2   conftest.c -lfftw3f  -lm -lc  >&5
/usr/bin/ld: cannot find -lfftw3f
collect2: ld returned 1 exit status
configure:6006: $? = 1
configure: failed program was:
| /* confdefs.h.  */
| #define PACKAGE_NAME "liquid-dsp"
| #define PACKAGE_TARNAME "liquid-dsp"
| #define PACKAGE_VERSION "1.2.0"
| #define PACKAGE_STRING "liquid-dsp 1.2.0"
| #define PACKAGE_BUGREPORT "support@liquidsdr.org"
| #define STDC_HEADERS 1
| #define HAVE_SYS_TYPES_H 1
| #define HAVE_SYS_STAT_H 1
| #define HAVE_STDLIB_H 1
| #define HAVE_STRING_H 1
| #define HAVE_MEMORY_H 1
| #define HAVE_STRINGS_H 1
| #define HAVE_INTTYPES_H 1
| #define HAVE_STDINT_H 1
| #define HAVE_UNISTD_H 1
| #define HAVE_STDLIB_H 1
| #define HAVE_MALLOC 1
| #define HAVE_STDLIB_H 1
| #define HAVE_REALLOC 1
| #define HAVE_LIBC 1
| #define HAVE_LIBM 1
| #define HAVE_STDIO_H 1
| #define HAVE_STDLIB_H 1
| #define HAVE_COMPLEX_H 1
| #define HAVE_STRING_H 1
| #define HAVE_GETOPT_H 1
| #define HAVE_SYS_RESOURCE_H 1
| #define HAVE_FLOAT_H 1
| #define HAVE_INTTYPES_H 1
| #define HAVE_LIMITS_H 1
| #define HAVE_STDLIB_H 1
| #define HAVE_STRING_H 1
| #define HAVE_UNISTD_H 1
| /* end confdefs.h.  */
| 
| /* Override any GCC internal prototype to avoid an error.
|    Use char because int might match the return type of a GCC
|    builtin and then its argument prototype would still apply.  */
| #ifdef __cplusplus
| extern "C"
| #endif
| char fftwf_plan_dft_1d ();
| int
| main ()
| {
| return fftwf_plan_dft_1d ();
|   ;
|   return 0;
| }
configure:6027: result: no
configure:6037: WARNING: fftw3 library useful but not required
configure:6042: checking for create_viterbi27 in -lfec
configure:6077: gcc -o conftest -g -O2   conftest.c -lfec  -lm -lc  >&5
/usr/bin/ld: cannot find -lfec
collect2: ld returned 1 exit status
configure:6084: $? = 1
configure: failed program was:
| /* confdefs.h.  */
| #define PACKAGE_NAME "liquid-dsp"
| #define PACKAGE_TARNAME "liquid-dsp"
| #define PACKAGE_VERSION "1.2.0"
| #define PACKAGE_STRING "liquid-dsp 1.2.0"
| #define PACKAGE_BUGREPORT "support@liquidsdr.org"
| #define STDC_HEADERS 1
| #define HAVE_SYS_TYPES_H 1
| #define HAVE_SYS_STAT_H 1
| #define HAVE_STDLIB_H 1
| #define HAVE_STRING_H 1
| #define HAVE_MEMORY_H 1
| #define HAVE_STRINGS_H 1
| #define HAVE_INTTYPES_H 1
| #define HAVE_STDINT_H 1
| #define HAVE_UNISTD_H 1
| #define HAVE_STDLIB_H 1
| #define HAVE_MALLOC 1
| #define HAVE_STDLIB_H 1
| #define HAVE_REALLOC 1
| #define HAVE_LIBC 1
| #define HAVE_LIBM 1
| #define HAVE_STDIO_H 1
| #define HAVE_STDLIB_H 1
| #define HAVE_COMPLEX_H 1
| #define HAVE_STRING_H 1
| #define HAVE_GETOPT_H 1
| #define HAVE_SYS_RESOURCE_H 1
| #define HAVE_FLOAT_H 1
| #define HAVE_INTTYPES_H 1
| #define HAVE_LIMITS_H 1
| #define HAVE_STDLIB_H 1
| #define HAVE_STRING_H 1
| #define HAVE_UNISTD_H 1
| /* end confdefs.h.  */
| 
| /* Override any GCC internal prototype to avoid an error.
|    Use char because int might match the return type of a GCC
|    builtin and then its argument prototype would still apply.  */
| #ifdef __cplusplus
| extern "C"
| #endif
| char create_viterbi27 ();
| int
| main ()
| {
| return create_viterbi27 ();
|   ;
|   return 0;
| }
configure:6105: result: no
configure:6115: WARNING: fec library useful but not required
configure:6121: checking for inline
configure:6147: gcc -c -g -O2  conftest.c >&5
configure:6154: $? = 0
configure:6172: result: inline
configure:6191: checking for size_t
configure:6219: gcc -c -g -O2  conftest.c >&5
configure:6226: $? = 0
configure:6253: gcc -c -g -O2  conftest.c >&5
conftest.c: In function 'main':
conftest.c:72: error: expected expression before ')' token
configure:6260: $? = 1
configure: failed program was:
| /* confdefs.h.  */
| #define PACKAGE_NAME "liquid-dsp"
| #define PACKAGE_TARNAME "liquid-dsp"
| #define PACKAGE_VERSION "1.2.0"
| #define PACKAGE_STRING "liquid-dsp 1.2.0"
| #define PACKAGE_BUGREPORT "support@liquidsdr.org"
| #define STDC_HEADERS 1
| #define HAVE_SYS_TYPES_H 1
| #define HAVE_SYS_STAT_H 1
| #define HAVE_STDLIB_H 1
| #define HAVE_STRING_H 1
| #define HAVE_MEMORY_H 1
| #define HAVE_STRINGS_H 1
| #define HAVE_INTTYPES_H 1
| #define HAVE_STDINT_H 1
| #define HAVE_UNISTD_H 1
| #define HAVE_STDLIB_H 1
| #define HAVE_MALLOC 1
| #define HAVE_STDLIB_H 1
| #define HAVE_REALLOC 1
| #define HAVE_LIBC 1
| #define HAVE_LIBM 1
| #define HAVE_STDIO_H 1
| #define HAVE_STDLIB_H 1
| #define HAVE_COMPLEX_H 1
| #define HAVE_STRING_H 1
| #define HAVE_GETOPT_H 1
| #define HAVE_SYS_RESOURCE_H 1
| #define HAVE_FLOAT_H 1
| #define HAVE_INTTYPES_H 1
| #define HAVE_LIMITS_H 1
| #define HAVE_STDLIB_H 1
| #define HAVE_STRING_H 1
| #define HAVE_UNISTD_H 1
| /* end confdefs.h.  */
| #include <stdio.h>
| #ifdef HAVE_SYS_TYPES_H
| # include <sys/types.h>
| #endif
| #ifdef HAVE_SYS_STAT_H
| # include <sys/stat.h>
| #endif
| #ifdef STDC_HEADERS
| # include <stdlib.h>
| # include <stddef.h>
| #else
| # ifdef HAVE_STDLIB_H
| #  include <stdlib.h>
| # endif
| #endif
| #ifdef HAVE_STRING_H
| # if !defined STDC_HEADERS && defined HAVE_MEMORY_H
| #  include <memory.h>
| # endif
| # include <string.h>
| #endif
| #ifdef HAVE_STRINGS_H
| # include <strings.h>
| #endif
| #ifdef HAVE_INTTYPES_H
| # include <inttypes.h>
| #endif
| #ifdef HAVE_STDINT_H
| # include <stdint.h>
| #endif
| #ifdef HAVE_UNISTD_H
| # include <unistd.h>
| #endif
| int
| main ()
| {
| if (sizeof ((size_t)))
| 	  return 0;
|   ;
|   return 0;
| }
configure:6283: result: yes
configure:6296: checking for uint32_t
configure:6327: gcc -c -g -O2  conftest.c >&5
configure:6334: $? = 0
configure:6355: result: yes
configure:6373: checking for uint8_t
configure:6404: gcc -c -g -O2  conftest.c >&5
configure:6411: $? = 0
configure:6432: result: yes
configure:6455: checking size of int
configure:6760: gcc -o conftest -g -O2   conftest.c -lm -lc  >&5
configure:6764: $? = 0
configure:6770: ./conftest
configure:6774: $? = 0
configure:6800: result: 4
configure:6814: checking size of unsigned int
configure:7119: gcc -o conftest -g -O2   conftest.c -lm -lc  >&5
configure:7123: $? = 0
configure:7129: ./conftest
configure:7133: $? = 0
configure:7159: result: 4
configure:7180: checking build system type
configure:7198: result: x86_64-unknown-linux-gnu
configure:7220: checking host system type
configure:7235: result: x86_64-unknown-linux-gnu
configure:7269: checking for gcc architecture flag
configure:7271: result: 
configure:7293: checking for x86 cpuid 0 output
configure:7332: gcc -o conftest -g -O2   conftest.c -lm -lc  >&5
configure:7336: $? = 0
configure:7342: ./conftest
configure:7346: $? = 0
configure:7363: result: a:756e6547:6c65746e:49656e69
configure:7379: checking for x86 cpuid 1 output
configure:7418: gcc -o conftest -g -O2   conftest.c -lm -lc  >&5
configure:7422: $? = 0
configure:7428: ./conftest
configure:7432: $? = 0
configure:7449: result: 6f7:1040800:4e3bd:bfebfbff
configure:7704: checking whether C compiler accepts -march=core2
configure:7733: gcc -c -g -O2  -march=core2  conftest.c >&5
configure:7740: $? = 0
configure:7758: result: yes
configure:7777: checking for gcc architecture flag
configure:7779: result: -march=core2
configure:7798: checking target system type
configure:7813: result: x86_64-unknown-linux-gnu
configure:7861: checking for x86 cpuid 0x00000001 output
configure:7900: gcc -o conftest -g -O2 -march=core2   conftest.c -lm -lc  >&5
configure:7904: $? = 0
configure:7910: ./conftest
configure:7914: $? = 0
configure:7931: result: 6f7:1040800:4e3bd:bfebfbff
configure:7965: checking mmintrin.h usability
configure:7982: gcc -c -g -O2 -march=core2  conftest.c >&5
configure:7989: $? = 0
configure:8003: result: yes
configure:8007: checking mmintrin.h presence
configure:8022: gcc -E  conftest.c
configure:8029: $? = 0
configure:8043: result: yes
configure:8076: checking for mmintrin.h
configure:8085: result: yes
configure:7965: checking xmmintrin.h usability
configure:7982: gcc -c -g -O2 -march=core2  conftest.c >&5
configure:7989: $? = 0
configure:8003: result: yes
configure:8007: checking xmmintrin.h presence
configure:8022: gcc -E  conftest.c
configure:8029: $? = 0
configure:8043: result: yes
configure:8076: checking for xmmintrin.h
configure:8085: result: yes
configure:7965: checking emmintrin.h usability
configure:7982: gcc -c -g -O2 -march=core2  conftest.c >&5
configure:7989: $? = 0
configure:8003: result: yes
configure:8007: checking emmintrin.h presence
configure:8022: gcc -E  conftest.c
configure:8029: $? = 0
configure:8043: result: yes
configure:8076: checking for emmintrin.h
configure:8085: result: yes
configure:7965: checking pmmintrin.h usability
configure:7982: gcc -c -g -O2 -march=core2  conftest.c >&5
configure:7989: $? = 0
configure:8003: result: yes
configure:8007: checking pmmintrin.h presence
configure:8022: gcc -E  conftest.c
In file included from conftest.c:41:
/usr/lib/gcc/x86_64-redhat-linux/4.4.7/include/pmmintrin.h:32:3: error: #error "SSE3 instruction set not enabled"
configure:8029: $? = 1
configure: failed program was:
| /* confdefs.h.  */
| #define PACKAGE_NAME "liquid-dsp"
| #define PACKAGE_TARNAME "liquid-dsp"
| #define PACKAGE_VERSION "1.2.0"
| #define PACKAGE_STRING "liquid-dsp 1.2.0"
| #define PACKAGE_BUGREPORT "support@liquidsdr.org"
| #define STDC_HEADERS 1
| #define HAVE_SYS_TYPES_H 1
| #define HAVE_SYS_STAT_H 1
| #define HAVE_STDLIB_H 1
| #define HAVE_STRING_H 1
| #define HAVE_MEMORY_H 1
| #define HAVE_STRINGS_H 1
| #define HAVE_INTTYPES_H 1
| #define HAVE_STDINT_H 1
| #define HAVE_UNISTD_H 1
| #define HAVE_STDLIB_H 1
| #define HAVE_MALLOC 1
| #define HAVE_STDLIB_H 1
| #define HAVE_REALLOC 1
| #define HAVE_LIBC 1
| #define HAVE_LIBM 1
| #define HAVE_STDIO_H 1
| #define HAVE_STDLIB_H 1
| #define HAVE_COMPLEX_H 1
| #define HAVE_STRING_H 1
| #define HAVE_GETOPT_H 1
| #define HAVE_SYS_RESOURCE_H 1
| #define HAVE_FLOAT_H 1
| #define HAVE_INTTYPES_H 1
| #define HAVE_LIMITS_H 1
| #define HAVE_STDLIB_H 1
| #define HAVE_STRING_H 1
| #define HAVE_UNISTD_H 1
| #define SIZEOF_INT 4
| #define SIZEOF_UNSIGNED_INT 4
| #define HAVE_MMINTRIN_H 1
| #define HAVE_XMMINTRIN_H 1
| #define HAVE_EMMINTRIN_H 1
| /* end confdefs.h.  */
| #include <pmmintrin.h>
configure:8043: result: no
configure:8049: WARNING: pmmintrin.h: accepted by the compiler, rejected by the preprocessor!
configure:8051: WARNING: pmmintrin.h: proceeding with the compiler's result
configure:8076: checking for pmmintrin.h
configure:8085: result: yes
configure:7965: checking tmmintrin.h usability
configure:7982: gcc -c -g -O2 -march=core2  conftest.c >&5
configure:7989: $? = 0
configure:8003: result: yes
configure:8007: checking tmmintrin.h presence
configure:8022: gcc -E  conftest.c
In file included from conftest.c:42:
/usr/lib/gcc/x86_64-redhat-linux/4.4.7/include/tmmintrin.h:31:3: error: #error "SSSE3 instruction set not enabled"
configure:8029: $? = 1
configure: failed program was:
| /* confdefs.h.  */
| #define PACKAGE_NAME "liquid-dsp"
| #define PACKAGE_TARNAME "liquid-dsp"
| #define PACKAGE_VERSION "1.2.0"
| #define PACKAGE_STRING "liquid-dsp 1.2.0"
| #define PACKAGE_BUGREPORT "support@liquidsdr.org"
| #define STDC_HEADERS 1
| #define HAVE_SYS_TYPES_H 1
| #define HAVE_SYS_STAT_H 1
| #define HAVE_STDLIB_H 1
| #define HAVE_STRING_H 1
| #define HAVE_MEMORY_H 1
| #define HAVE_STRINGS_H 1
| #define HAVE_INTTYPES_H 1
| #define HAVE_STDINT_H 1
| #define HAVE_UNISTD_H 1
| #define HAVE_STDLIB_H 1
| #define HAVE_MALLOC 1
| #define HAVE_STDLIB_H 1
| #define HAVE_REALLOC 1
| #define HAVE_LIBC 1
| #define HAVE_LIBM 1
| #define HAVE_STDIO_H 1
| #define HAVE_STDLIB_H 1
| #define HAVE_COMPLEX_H 1
| #define HAVE_STRING_H 1
| #define HAVE_GETOPT_H 1
| #define HAVE_SYS_RESOURCE_H 1
| #define HAVE_FLOAT_H 1
| #define HAVE_INTTYPES_H 1
| #define HAVE_LIMITS_H 1
| #define HAVE_STDLIB_H 1
| #define HAVE_STRING_H 1
| #define HAVE_UNISTD_H 1
| #define SIZEOF_INT 4
| #define SIZEOF_UNSIGNED_INT 4
| #define HAVE_MMINTRIN_H 1
| #define HAVE_XMMINTRIN_H 1
| #define HAVE_EMMINTRIN_H 1
| #define HAVE_PMMINTRIN_H 1
| /* end confdefs.h.  */
| #include <tmmintrin.h>
configure:8043: result: no
configure:8049: WARNING: tmmintrin.h: accepted by the compiler, rejected by the preprocessor!
configure:8051: WARNING: tmmintrin.h: proceeding with the compiler's result
configure:8076: checking for tmmintrin.h
configure:8085: result: yes
configure:7965: checking smmintrin.h usability
configure:7982: gcc -c -g -O2 -march=core2  conftest.c >&5
In file included from conftest.c:76:
/usr/lib/gcc/x86_64-redhat-linux/4.4.7/include/smmintrin.h:32:3: error: #error "SSE4.1 instruction set not enabled"
configure:7989: $? = 1
configure: failed program was:
| /* confdefs.h.  */
| #define PACKAGE_NAME "liquid-dsp"
| #define PACKAGE_TARNAME "liquid-dsp"
| #define PACKAGE_VERSION "1.2.0"
| #define PACKAGE_STRING "liquid-dsp 1.2.0"
| #define PACKAGE_BUGREPORT "support@liquidsdr.org"
| #define STDC_HEADERS 1
| #define HAVE_SYS_TYPES_H 1
| #define HAVE_SYS_STAT_H 1
| #define HAVE_STDLIB_H 1
| #define HAVE_STRING_H 1
| #define HAVE_MEMORY_H 1
| #define HAVE_STRINGS_H 1
| #define HAVE_INTTYPES_H 1
| #define HAVE_STDINT_H 1
| #define HAVE_UNISTD_H 1
| #define HAVE_STDLIB_H 1
| #define HAVE_MALLOC 1
| #define HAVE_STDLIB_H 1
| #define HAVE_REALLOC 1
| #define HAVE_LIBC 1
| #define HAVE_LIBM 1
| #define HAVE_STDIO_H 1
| #define HAVE_STDLIB_H 1
| #define HAVE_COMPLEX_H 1
| #define HAVE_STRING_H 1
| #define HAVE_GETOPT_H 1
| #define HAVE_SYS_RESOURCE_H 1
| #define HAVE_FLOAT_H 1
| #define HAVE_INTTYPES_H 1
| #define HAVE_LIMITS_H 1
| #define HAVE_STDLIB_H 1
| #define HAVE_STRING_H 1
| #define HAVE_UNISTD_H 1
| #define SIZEOF_INT 4
| #define SIZEOF_UNSIGNED_INT 4
| #define HAVE_MMINTRIN_H 1
| #define HAVE_XMMINTRIN_H 1
| #define HAVE_EMMINTRIN_H 1
| #define HAVE_PMMINTRIN_H 1
| #define HAVE_TMMINTRIN_H 1
| /* end confdefs.h.  */
| #include <stdio.h>
| #ifdef HAVE_SYS_TYPES_H
| # include <sys/types.h>
| #endif
| #ifdef HAVE_SYS_STAT_H
| # include <sys/stat.h>
| #endif
| #ifdef STDC_HEADERS
| # include <stdlib.h>
| # include <stddef.h>
| #else
| # ifdef HAVE_STDLIB_H
| #  include <stdlib.h>
| # endif
| #endif
| #ifdef HAVE_STRING_H
| # if !defined STDC_HEADERS && defined HAVE_MEMORY_H
| #  include <memory.h>
| # endif
| # include <string.h>
| #endif
| #ifdef HAVE_STRINGS_H
| # include <strings.h>
| #endif
| #ifdef HAVE_INTTYPES_H
| # include <inttypes.h>
| #endif
| #ifdef HAVE_STDINT_H
| # include <stdint.h>
| #endif
| #ifdef HAVE_UNISTD_H
| # include <unistd.h>
| #endif
| #include <smmintrin.h>
configure:8003: result: no
configure:8007: checking smmintrin.h presence
configure:8022: gcc -E  conftest.c
In file included from conftest.c:43:
/usr/lib/gcc/x86_64-redhat-linux/4.4.7/include/smmintrin.h:32:3: error: #error "SSE4.1 instruction set not enabled"
configure:8029: $? = 1
configure: failed program was:
| /* confdefs.h.  */
| #define PACKAGE_NAME "liquid-dsp"
| #define PACKAGE_TARNAME "liquid-dsp"
| #define PACKAGE_VERSION "1.2.0"
| #define PACKAGE_STRING "liquid-dsp 1.2.0"
| #define PACKAGE_BUGREPORT "support@liquidsdr.org"
| #define STDC_HEADERS 1
| #define HAVE_SYS_TYPES_H 1
| #define HAVE_SYS_STAT_H 1
| #define HAVE_STDLIB_H 1
| #define HAVE_STRING_H 1
| #define HAVE_MEMORY_H 1
| #define HAVE_STRINGS_H 1
| #define HAVE_INTTYPES_H 1
| #define HAVE_STDINT_H 1
| #define HAVE_UNISTD_H 1
| #define HAVE_STDLIB_H 1
| #define HAVE_MALLOC 1
| #define HAVE_STDLIB_H 1
| #define HAVE_REALLOC 1
| #define HAVE_LIBC 1
| #define HAVE_LIBM 1
| #define HAVE_STDIO_H 1
| #define HAVE_STDLIB_H 1
| #define HAVE_COMPLEX_H 1
| #define HAVE_STRING_H 1
| #define HAVE_GETOPT_H 1
| #define HAVE_SYS_RESOURCE_H 1
| #define HAVE_FLOAT_H 1
| #define HAVE_INTTYPES_H 1
| #define HAVE_LIMITS_H 1
| #define HAVE_STDLIB_H 1
| #define HAVE_STRING_H 1
| #define HAVE_UNISTD_H 1
| #define SIZEOF_INT 4
| #define SIZEOF_UNSIGNED_INT 4
| #define HAVE_MMINTRIN_H 1
| #define HAVE_XMMINTRIN_H 1
| #define HAVE_EMMINTRIN_H 1
| #define HAVE_PMMINTRIN_H 1
| #define HAVE_TMMINTRIN_H 1
| /* end confdefs.h.  */
| #include <smmintrin.h>
configure:8043: result: no
configure:8076: checking for smmintrin.h
configure:8085: result: no
configure:7965: checking immintrin.h usability
configure:7982: gcc -c -g -O2 -march=core2  conftest.c >&5
configure:7989: $? = 0
configure:8003: result: yes
configure:8007: checking immintrin.h presence
configure:8022: gcc -E  conftest.c
configure:8029: $? = 0
configure:8043: result: yes
configure:8076: checking for immintrin.h
configure:8085: result: yes
configure:8101: checking whether mmx is supported
configure:8113: result: yes
configure:8116: checking whether sse is supported
configure:8128: result: yes
configure:8131: checking whether sse2 is supported
configure:8143: result: yes
configure:8146: checking whether sse3 is supported
configure:8158: result: yes
configure:8161: checking whether ssse3 is supported
configure:8173: result: yes
configure:8176: checking whether sse4.1 is supported
configure:8188: result: no
configure:8191: checking whether sse4.2 is supported
configure:8203: result: no
configure:8206: checking whether avx is supported
configure:8218: result: no
configure:8227: checking whether C compiler accepts -mmmx
configure:8256: gcc -c -g -O2 -march=core2  -mmmx  conftest.c >&5
configure:8263: $? = 0
configure:8279: result: yes
configure:8296: checking whether C compiler accepts -msse
configure:8325: gcc -c -g -O2 -march=core2  -msse  conftest.c >&5
configure:8332: $? = 0
configure:8348: result: yes
configure:8365: checking whether C compiler accepts -msse2
configure:8394: gcc -c -g -O2 -march=core2  -msse2  conftest.c >&5
configure:8401: $? = 0
configure:8417: result: yes
configure:8434: checking whether C compiler accepts -msse3
configure:8463: gcc -c -g -O2 -march=core2  -msse3  conftest.c >&5
configure:8470: $? = 0
configure:8486: result: yes
configure:8503: checking whether C compiler accepts -mssse3
configure:8532: gcc -c -g -O2 -march=core2  -mssse3  conftest.c >&5
configure:8539: $? = 0
configure:8555: result: yes
configure:8969: creating ./config.status

## ---------------------- ##
## Running config.status. ##
## ---------------------- ##

This file was extended by liquid-dsp config.status 1.2.0, which was
generated by GNU Autoconf 2.63.  Invocation command line was

  CONFIG_FILES    = 
  CONFIG_HEADERS  = 
  CONFIG_LINKS    = 
  CONFIG_COMMANDS = 
  $ ./config.status 

on server11288.baremetalcloud.com

config.status:782: creating makefile
config.status:782: creating config.h

## ---------------- ##
## Cache variables. ##
## ---------------- ##

ac_cv_build=x86_64-unknown-linux-gnu
ac_cv_c_compiler_gnu=yes
ac_cv_c_inline=inline
ac_cv_c_uint32_t=yes
ac_cv_c_uint8_t=yes
ac_cv_env_CC_set=
ac_cv_env_CC_value=
ac_cv_env_CFLAGS_set=
ac_cv_env_CFLAGS_value=
ac_cv_env_CPPFLAGS_set=
ac_cv_env_CPPFLAGS_value=
ac_cv_env_CPP_set=
ac_cv_env_CPP_value=
ac_cv_env_LDFLAGS_set=
ac_cv_env_LDFLAGS_value=
ac_cv_env_LIBS_set=
ac_cv_env_LIBS_value=
ac_cv_env_build_alias_set=
ac_cv_env_build_alias_value=
ac_cv_env_host_alias_set=
ac_cv_env_host_alias_value=
ac_cv_env_target_alias_set=
ac_cv_env_target_alias_value=
ac_cv_func_cargf=yes
ac_cv_func_cexpf=yes
ac_cv_func_cimagf=yes
ac_cv_func_cosf=yes
ac_cv_func_crealf=yes
ac_cv_func_expf=yes
ac_cv_func_free=yes
ac_cv_func_malloc=yes
ac_cv_func_malloc_0_nonnull=yes
ac_cv_func_memmove=yes
ac_cv_func_memset=yes
ac_cv_func_realloc=yes
ac_cv_func_realloc_0_nonnull=yes
ac_cv_func_sinf=yes
ac_cv_func_sqrtf=yes
ac_cv_header_complex_h=yes
ac_cv_header_emmintrin_h=yes
ac_cv_header_fec_h=no
ac_cv_header_fftw3_h=no
ac_cv_header_float_h=yes
ac_cv_header_getopt_h=yes
ac_cv_header_immintrin_h=yes
ac_cv_header_inttypes_h=yes
ac_cv_header_limits_h=yes
ac_cv_header_memory_h=yes
ac_cv_header_mmintrin_h=yes
ac_cv_header_pmmintrin_h=yes
ac_cv_header_smmintrin_h=no
ac_cv_header_stdc=yes
ac_cv_header_stdint_h=yes
ac_cv_header_stdio_h=yes
ac_cv_header_stdlib_h=yes
ac_cv_header_string_h=yes
ac_cv_header_strings_h=yes
ac_cv_header_sys_resource_h=yes
ac_cv_header_sys_stat_h=yes
ac_cv_header_sys_types_h=yes
ac_cv_header_tmmintrin_h=yes
ac_cv_header_unistd_h=yes
ac_cv_header_xmmintrin_h=yes
ac_cv_host=x86_64-unknown-linux-gnu
ac_cv_lib_c_main=yes
ac_cv_lib_error_at_line=yes
ac_cv_lib_fec_create_viterbi27=no
ac_cv_lib_fftw3f_fftwf_plan_dft_1d=no
ac_cv_lib_m_main=yes
ac_cv_objext=o
ac_cv_path_EGREP='/bin/grep -E'
ac_cv_path_GREP=/bin/grep
ac_cv_path_SED=/bin/sed
ac_cv_path_install='/usr/bin/install -c'
ac_cv_prog_CPP='gcc -E'
ac_cv_prog_ac_ct_CC=gcc
ac_cv_prog_ac_ct_RANLIB=ranlib
ac_cv_prog_cc_c89=
ac_cv_prog_cc_g=yes
ac_cv_sizeof_int=4
ac_cv_sizeof_unsigned_int=4
ac_cv_target=x86_64-unknown-linux-gnu
ac_cv_type_size_t=yes
ax_cv_check_cflags___march_core2=yes
ax_cv_check_cflags___mmmx=yes
ax_cv_check_cflags___msse2=yes
ax_cv_check_cflags___msse3=yes
ax_cv_check_cflags___msse=yes
ax_cv_check_cflags___mssse3=yes
ax_cv_gcc_archflag=-march=core2
ax_cv_gcc_x86_cpuid_0=a:756e6547:6c65746e:49656e69
ax_cv_gcc_x86_cpuid_0x00000001=6f7:1040800:4e3bd:bfebfbff
ax_cv_gcc_x86_cpuid_1=6f7:1040800:4e3bd:bfebfbff
ax_cv_have_avx_ext=no
ax_cv_have_mmx_ext=yes
ax_cv_have_sse2_ext=yes
ax_cv_have_sse3_ext=yes
ax_cv_have_sse41_ext=no
ax_cv_have_sse42_ext=no
ax_cv_have_sse_ext=yes
ax_cv_have_ssse3_ext=yes

## ----------------- ##
## Output variables. ##
## ----------------- ##

ARCH_OPTION=''
CC='gcc'
CFLAGS='-g -O2 -march=core2'
CLIB=''
CPP='gcc -E'
CPPFLAGS=''
DEBUG_OPTION=''
DEFS='-DHAVE_CONFIG_H'
ECHO_C=''
ECHO_N='-n'
ECHO_T=''
EGREP='/bin/grep -E'
EXEEXT=''
GREP='/bin/grep'
INSTALL_DATA='${INSTALL} -m 644'
INSTALL_PROGRAM='${INSTALL}'
INSTALL_SCRIPT='${INSTALL}'
LDFLAGS=''
LIBOBJS=''
LIBS='-lm -lc '
LTLIBOBJS=''
MLIBS_DOTPROD='src/dotprod/src/dotprod_cccf.mmx.o                            src/dotprod/src/dotprod_crcf.mmx.o                            src/dotprod/src/dotprod_rrrf.mmx.o                            src/dotprod/src/sumsq.mmx.o'
MLIBS_VECTOR='src/vector/src/vectorf_add.port.o                 src/vector/src/vectorf_norm.port.o                src/vector/src/vectorf_mul.port.o                 src/vector/src/vectorf_trig.port.o                src/vector/src/vectorcf_add.port.o                src/vector/src/vectorcf_norm.port.o               src/vector/src/vectorcf_mul.port.o                src/vector/src/vectorcf_trig.port.o'
OBJEXT='o'
PACKAGE_BUGREPORT='support@liquidsdr.org'
PACKAGE_NAME='liquid-dsp'
PACKAGE_STRING='liquid-dsp 1.2.0'
PACKAGE_TARNAME='liquid-dsp'
PACKAGE_VERSION='1.2.0'
PATH_SEPARATOR=':'
PRTDIAG=''
RANLIB='ranlib'
REBIND='ldconfig'
SED='/bin/sed'
SHELL='/bin/sh'
SH_LIB='libliquid.so'
SIMD_FLAGS=' -mmmx -msse -msse2 -msse3 -mssse3'
ac_ct_CC='gcc'
bindir='${exec_prefix}/bin'
build='x86_64-unknown-linux-gnu'
build_alias=''
build_cpu='x86_64'
build_os='linux-gnu'
build_vendor='unknown'
datadir='${datarootdir}'
datarootdir='${prefix}/share'
docdir='${datarootdir}/doc/${PACKAGE_TARNAME}'
dvidir='${docdir}'
exec_prefix='${prefix}'
host='x86_64-unknown-linux-gnu'
host_alias=''
host_cpu='x86_64'
host_os='linux-gnu'
host_vendor='unknown'
htmldir='${docdir}'
includedir='${prefix}/include'
infodir='${datarootdir}/info'
libdir='${exec_prefix}/lib'
libexecdir='${exec_prefix}/libexec'
localedir='${datarootdir}/locale'
localstatedir='${prefix}/var'
mandir='${datarootdir}/man'
oldincludedir='/usr/include'
pdfdir='${docdir}'
prefix='/usr/local'
program_transform_name='s,x,x,'
psdir='${docdir}'
sbindir='${exec_prefix}/sbin'
sharedstatedir='${prefix}/com'
sysconfdir='${prefix}/etc'
target='x86_64-unknown-linux-gnu'
target_alias=''
target_cpu='x86_64'
target_os='linux-gnu'
target_vendor='unknown'

## ----------- ##
## confdefs.h. ##
## ----------- ##

#define PACKAGE_NAME "liquid-dsp"
#define PACKAGE_TARNAME "liquid-dsp"
#define PACKAGE_VERSION "1.2.0"
#define PACKAGE_STRING "liquid-dsp 1.2.0"
#define PACKAGE_BUGREPORT "support@liquidsdr.org"
#define STDC_HEADERS 1
#define HAVE_SYS_TYPES_H 1
#define HAVE_SYS_STAT_H 1
#define HAVE_STDLIB_H 1
#define HAVE_STRING_H 1
#define HAVE_MEMORY_H 1
#define HAVE_STRINGS_H 1
#define HAVE_INTTYPES_H 1
#define HAVE_STDINT_H 1
#define HAVE_UNISTD_H 1
#define HAVE_STDLIB_H 1
#define HAVE_MALLOC 1
#define HAVE_STDLIB_H 1
#define HAVE_REALLOC 1
#define HAVE_LIBC 1
#define HAVE_LIBM 1
#define HAVE_STDIO_H 1
#define HAVE_STDLIB_H 1
#define HAVE_COMPLEX_H 1
#define HAVE_STRING_H 1
#define HAVE_GETOPT_H 1
#define HAVE_SYS_RESOURCE_H 1
#define HAVE_FLOAT_H 1
#define HAVE_INTTYPES_H 1
#define HAVE_LIMITS_H 1
#define HAVE_STDLIB_H 1
#define HAVE_STRING_H 1
#define HAVE_UNISTD_H 1
#define SIZEOF_INT 4
#define SIZEOF_UNSIGNED_INT 4
#define HAVE_MMINTRIN_H 1
#define HAVE_XMMINTRIN_H 1
#define HAVE_EMMINTRIN_H 1
#define HAVE_PMMINTRIN_H 1
#define HAVE_TMMINTRIN_H 1
#define HAVE_IMMINTRIN_H 1
#define HAVE_MMX /**/
#define HAVE_SSE /**/
#define HAVE_SSE2 /**/
#define HAVE_SSE3 /**/
#define HAVE_SSSE3 /**/

configure: exit 0
