This file contains any messages produced by compilers while
running configure, to aid debugging if configure makes a mistake.

It was created by liquid-dsp configure 1.2.0, which was
generated by GNU Autoconf 2.69.  Invocation command line was

  $ ./configure CC=gcc --enable-fftoverride

## --------- ##
## Platform. ##
## --------- ##

hostname = Bills-MacBook-Pro-7.local
uname -m = x86_64
uname -r = 14.3.0
uname -s = Darwin
uname -v = Darwin Kernel Version 14.3.0: Mon Mar 23 11:59:05 PDT 2015; root:xnu-2782.20.48~5/RELEASE_X86_64

/usr/bin/uname -p = i386
/bin/uname -X     = unknown

/bin/arch              = unknown
/usr/bin/arch -k       = unknown
/usr/convex/getsysinfo = unknown
/usr/bin/hostinfo      = Mach kernel version:
	 Darwin Kernel Version 14.3.0: Mon Mar 23 11:59:05 PDT 2015; root:xnu-2782.20.48~5/RELEASE_X86_64
Kernel configured for up to 2 processors.
2 processors are physically available.
2 processors are logically available.
Processor type: i486 (Intel 80486)
Processors active: 0 1
Primary memory available: 8.00 gigabytes
Default processor set: 254 tasks, 1173 threads, 2 processors
Load average: 3.65, Mach factor: 0.39
/bin/machine           = unknown
/usr/bin/oslevel       = unknown
/bin/universe          = unknown

PATH: /Users/bmck/.rvm/gems/ruby-2.1.4@regspot/bin
PATH: /Users/bmck/.rvm/gems/ruby-2.1.4@global/bin
PATH: /Users/bmck/.rvm/rubies/ruby-2.1.4/bin
PATH: /Users/bmck/src/android18/bin
PATH: /opt/local/bin
PATH: /opt/local/sbin
PATH: /Library/Frameworks/Python.framework/Versions/3.4/bin
PATH: /opt/local/bin
PATH: /usr/bin
PATH: /usr/local/bin
PATH: /opt/local/sbin
PATH: .
PATH: /Users/bmck/src/android18/bin
PATH: /opt/local/bin
PATH: /opt/local/sbin
PATH: /Library/Frameworks/Python.framework/Versions/3.4/bin
PATH: /opt/local/bin
PATH: /usr/bin
PATH: /usr/local/bin
PATH: /opt/local/sbin
PATH: .
PATH: /Users/bmck/src/android18/bin
PATH: /opt/local/bin
PATH: /opt/local/sbin
PATH: /Library/Frameworks/Python.framework/Versions/3.4/bin
PATH: /opt/local/bin
PATH: /usr/bin
PATH: /usr/local/bin
PATH: /opt/local/sbin
PATH: .
PATH: /Users/bmck/src/android18/bin
PATH: /opt/local/bin
PATH: /opt/local/sbin
PATH: /Library/Frameworks/Python.framework/Versions/3.4/bin
PATH: /opt/local/bin
PATH: /usr/bin
PATH: /usr/local/bin
PATH: /opt/local/sbin
PATH: .
PATH: /Users/bmck/src/android18/bin
PATH: /opt/local/bin
PATH: /opt/local/sbin
PATH: /Library/Frameworks/Python.framework/Versions/3.4/bin
PATH: /opt/local/bin
PATH: /usr/bin
PATH: /usr/local/bin
PATH: /opt/local/sbin
PATH: .
PATH: /opt/src/android18/bin
PATH: /opt/local/bin
PATH: /opt/local/sbin
PATH: /Library/Frameworks/Python.framework/Versions/3.4/bin
PATH: /opt/local/bin
PATH: /usr/bin
PATH: /usr/local/bin
PATH: /opt/local/sbin
PATH: .
PATH: /opt/src/android18/bin
PATH: /opt/local/bin
PATH: /opt/local/sbin
PATH: /Library/Frameworks/Python.framework/Versions/3.4/bin
PATH: /opt/local/bin
PATH: /usr/bin
PATH: /usr/local/bin
PATH: /opt/local/sbin
PATH: .
PATH: /opt/src/android18/bin
PATH: /opt/local/bin
PATH: /opt/local/sbin
PATH: /Library/Frameworks/Python.framework/Versions/3.4/bin
PATH: /opt/local/bin
PATH: /usr/bin
PATH: /usr/local/bin
PATH: /opt/local/sbin
PATH: .
PATH: /opt/local/bin
PATH: /opt/local/sbin
PATH: /Library/Frameworks/Python.framework/Versions/3.4/bin
PATH: /opt/local/bin
PATH: /usr/bin
PATH: /usr/local/bin
PATH: /opt/local/sbin
PATH: .
PATH: /usr/local/bin
PATH: /usr/bin
PATH: /bin
PATH: /usr/sbin
PATH: /sbin
PATH: /opt/X11/bin
PATH: /Users/bmck/src/crystax-ndk-10.2.1
PATH: /Users/bmck/src/crystax-ndk-10.2.1
PATH: /Users/bmck/src/crystax-ndk-10.2.1
PATH: /Users/bmck/src/crystax-ndk-10.2.1
PATH: /Users/bmck/src/crystax-ndk-10.2.1
PATH: /Users/bmck/src/crystax-ndk-10.2.1
PATH: /Users/bmck/src/crystax-ndk-10.2.1
PATH: /Users/bmck/src/crystax-ndk-10.2.1
PATH: /Users/bmck/src/crystax-ndk-10.2.1
PATH: /Users/bmck/.rvm/bin


## ----------- ##
## Core tests. ##
## ----------- ##

configure:2551: checking for gcc
configure:2578: result: gcc
configure:2807: checking for C compiler version
configure:2816: gcc --version >&5
Apple LLVM version 6.1.0 (clang-602.0.53) (based on LLVM 3.6.0svn)
Target: x86_64-apple-darwin14.3.0
Thread model: posix
Configured with: --prefix=/Applications/Xcode.app/Contents/Developer/usr --with-gxx-include-dir=/usr/include/c++/4.2.1
configure:2827: $? = 0
configure:2816: gcc -v >&5
Configured with: --prefix=/Applications/Xcode.app/Contents/Developer/usr --with-gxx-include-dir=/usr/include/c++/4.2.1
Apple LLVM version 6.1.0 (clang-602.0.53) (based on LLVM 3.6.0svn)
Target: x86_64-apple-darwin14.3.0
Thread model: posix
configure:2827: $? = 0
configure:2816: gcc -V >&5
clang: error: argument to '-V' is missing (expected 1 value)
clang: error: no input files
configure:2827: $? = 1
configure:2816: gcc -qversion >&5
clang: error: unknown argument: '-qversion'
clang: error: no input files
configure:2827: $? = 1
configure:2847: checking whether the C compiler works
configure:2869: gcc    conftest.c  >&5
configure:2873: $? = 0
configure:2921: result: yes
configure:2924: checking for C compiler default output file name
configure:2926: result: a.out
configure:2932: checking for suffix of executables
configure:2939: gcc -o conftest    conftest.c  >&5
configure:2943: $? = 0
configure:2965: result: 
configure:2987: checking whether we are cross compiling
configure:2995: gcc -o conftest    conftest.c  >&5
configure:2999: $? = 0
configure:3006: ./conftest
configure:3010: $? = 0
configure:3025: result: no
configure:3030: checking for suffix of object files
configure:3052: gcc -c   conftest.c >&5
configure:3056: $? = 0
configure:3077: result: o
configure:3081: checking whether we are using the GNU C compiler
configure:3100: gcc -c   conftest.c >&5
configure:3100: $? = 0
configure:3109: result: yes
configure:3118: checking whether gcc accepts -g
configure:3138: gcc -c -g  conftest.c >&5
configure:3138: $? = 0
configure:3179: result: yes
configure:3196: checking for gcc option to accept ISO C89
configure:3259: gcc  -c -g -O2  conftest.c >&5
configure:3259: $? = 0
configure:3272: result: none needed
configure:3292: checking for a sed that does not truncate output
configure:3356: result: /opt/local/bin/gsed
configure:3361: checking for grep that handles long lines and -e
configure:3419: result: /opt/local/bin/grep
configure:3438: checking for a BSD-compatible install
configure:3506: result: /opt/local/bin/ginstall -c
configure:3560: checking for ranlib
configure:3576: found /opt/local/bin/ranlib
configure:3587: result: ranlib
configure:3612: checking for error_at_line
configure:3628: gcc -o conftest -g -O2   conftest.c  >&5
conftest.c:10:10: fatal error: 'error.h' file not found
#include <error.h>
         ^
1 error generated.
configure:3628: $? = 1
configure: failed program was:
| /* confdefs.h */
| #define PACKAGE_NAME "liquid-dsp"
| #define PACKAGE_TARNAME "liquid-dsp"
| #define PACKAGE_VERSION "1.2.0"
| #define PACKAGE_STRING "liquid-dsp 1.2.0"
| #define PACKAGE_BUGREPORT "support@liquidsdr.org"
| #define PACKAGE_URL ""
| #define LIQUID_FFTOVERRIDE 1
| /* end confdefs.h.  */
| #include <error.h>
| int
| main ()
| {
| error_at_line (0, 0, "", 0, "an error occurred");
|   ;
|   return 0;
| }
configure:3636: result: no
configure:3652: checking how to run the C preprocessor
configure:3683: gcc -E  conftest.c
configure:3683: $? = 0
configure:3697: gcc -E  conftest.c
conftest.c:10:10: fatal error: 'ac_nonexistent.h' file not found
#include <ac_nonexistent.h>
         ^
1 error generated.
configure:3697: $? = 1
configure: failed program was:
| /* confdefs.h */
| #define PACKAGE_NAME "liquid-dsp"
| #define PACKAGE_TARNAME "liquid-dsp"
| #define PACKAGE_VERSION "1.2.0"
| #define PACKAGE_STRING "liquid-dsp 1.2.0"
| #define PACKAGE_BUGREPORT "support@liquidsdr.org"
| #define PACKAGE_URL ""
| #define LIQUID_FFTOVERRIDE 1
| /* end confdefs.h.  */
| #include <ac_nonexistent.h>
configure:3722: result: gcc -E
configure:3742: gcc -E  conftest.c
configure:3742: $? = 0
configure:3756: gcc -E  conftest.c
conftest.c:10:10: fatal error: 'ac_nonexistent.h' file not found
#include <ac_nonexistent.h>
         ^
1 error generated.
configure:3756: $? = 1
configure: failed program was:
| /* confdefs.h */
| #define PACKAGE_NAME "liquid-dsp"
| #define PACKAGE_TARNAME "liquid-dsp"
| #define PACKAGE_VERSION "1.2.0"
| #define PACKAGE_STRING "liquid-dsp 1.2.0"
| #define PACKAGE_BUGREPORT "support@liquidsdr.org"
| #define PACKAGE_URL ""
| #define LIQUID_FFTOVERRIDE 1
| /* end confdefs.h.  */
| #include <ac_nonexistent.h>
configure:3785: checking for egrep
configure:3847: result: /opt/local/bin/grep -E
configure:3852: checking for ANSI C header files
configure:3872: gcc -c -g -O2  conftest.c >&5
configure:3872: $? = 0
configure:3945: gcc -o conftest -g -O2   conftest.c  >&5
configure:3945: $? = 0
configure:3945: ./conftest
configure:3945: $? = 0
configure:3956: result: yes
configure:3969: checking for sys/types.h
configure:3969: gcc -c -g -O2  conftest.c >&5
configure:3969: $? = 0
configure:3969: result: yes
configure:3969: checking for sys/stat.h
configure:3969: gcc -c -g -O2  conftest.c >&5
configure:3969: $? = 0
configure:3969: result: yes
configure:3969: checking for stdlib.h
configure:3969: gcc -c -g -O2  conftest.c >&5
configure:3969: $? = 0
configure:3969: result: yes
configure:3969: checking for string.h
configure:3969: gcc -c -g -O2  conftest.c >&5
configure:3969: $? = 0
configure:3969: result: yes
configure:3969: checking for memory.h
configure:3969: gcc -c -g -O2  conftest.c >&5
configure:3969: $? = 0
configure:3969: result: yes
configure:3969: checking for strings.h
configure:3969: gcc -c -g -O2  conftest.c >&5
configure:3969: $? = 0
configure:3969: result: yes
configure:3969: checking for inttypes.h
configure:3969: gcc -c -g -O2  conftest.c >&5
configure:3969: $? = 0
configure:3969: result: yes
configure:3969: checking for stdint.h
configure:3969: gcc -c -g -O2  conftest.c >&5
configure:3969: $? = 0
configure:3969: result: yes
configure:3969: checking for unistd.h
configure:3969: gcc -c -g -O2  conftest.c >&5
configure:3969: $? = 0
configure:3969: result: yes
configure:3983: checking for stdlib.h
configure:3983: result: yes
configure:3993: checking for GNU libc compatible malloc
configure:4027: result: yes
configure:4050: checking for stdlib.h
configure:4050: result: yes
configure:4060: checking for GNU libc compatible realloc
configure:4084: gcc -o conftest -g -O2   conftest.c  >&5
configure:4084: $? = 0
configure:4084: ./conftest
configure:4084: $? = 0
configure:4094: result: yes
configure:4117: checking for main in -lc
configure:4136: gcc -o conftest -g -O2   conftest.c -lc   >&5
configure:4136: $? = 0
configure:4145: result: yes
configure:4158: checking for main in -lm
configure:4177: gcc -o conftest -g -O2   conftest.c -lm  -lc  >&5
configure:4177: $? = 0
configure:4186: result: yes
configure:4201: checking for malloc
configure:4201: gcc -o conftest -g -O2   conftest.c -lm -lc  >&5
conftest.c:49:6: warning: incompatible redeclaration of library function 'malloc' [-Wincompatible-library-redeclaration]
char malloc ();
     ^
conftest.c:49:6: note: 'malloc' is a builtin with type 'void *(unsigned long)'
1 warning generated.
configure:4201: $? = 0
configure:4201: result: yes
configure:4208: checking for realloc
configure:4208: gcc -o conftest -g -O2   conftest.c -lm -lc  >&5
conftest.c:49:6: warning: incompatible redeclaration of library function 'realloc' [-Wincompatible-library-redeclaration]
char realloc ();
     ^
conftest.c:49:6: note: 'realloc' is a builtin with type 'void *(void *, unsigned long)'
1 warning generated.
configure:4208: $? = 0
configure:4208: result: yes
configure:4215: checking for free
configure:4215: gcc -o conftest -g -O2   conftest.c -lm -lc  >&5
configure:4215: $? = 0
configure:4215: result: yes
configure:4222: checking for memset
configure:4222: gcc -o conftest -g -O2   conftest.c -lm -lc  >&5
conftest.c:49:6: warning: incompatible redeclaration of library function 'memset' [-Wincompatible-library-redeclaration]
char memset ();
     ^
conftest.c:49:6: note: 'memset' is a builtin with type 'void *(void *, int, unsigned long)'
1 warning generated.
configure:4222: $? = 0
configure:4222: result: yes
configure:4229: checking for memmove
configure:4229: gcc -o conftest -g -O2   conftest.c -lm -lc  >&5
conftest.c:49:6: warning: incompatible redeclaration of library function 'memmove' [-Wincompatible-library-redeclaration]
char memmove ();
     ^
conftest.c:49:6: note: 'memmove' is a builtin with type 'void *(void *, const void *, unsigned long)'
1 warning generated.
configure:4229: $? = 0
configure:4229: result: yes
configure:4237: checking for sinf
configure:4237: gcc -o conftest -g -O2   conftest.c -lm -lc  >&5
conftest.c:49:6: warning: incompatible redeclaration of library function 'sinf' [-Wincompatible-library-redeclaration]
char sinf ();
     ^
conftest.c:49:6: note: 'sinf' is a builtin with type 'float (float)'
1 warning generated.
configure:4237: $? = 0
configure:4237: result: yes
configure:4244: checking for cosf
configure:4244: gcc -o conftest -g -O2   conftest.c -lm -lc  >&5
conftest.c:49:6: warning: incompatible redeclaration of library function 'cosf' [-Wincompatible-library-redeclaration]
char cosf ();
     ^
conftest.c:49:6: note: 'cosf' is a builtin with type 'float (float)'
1 warning generated.
configure:4244: $? = 0
configure:4244: result: yes
configure:4251: checking for expf
configure:4251: gcc -o conftest -g -O2   conftest.c -lm -lc  >&5
conftest.c:49:6: warning: incompatible redeclaration of library function 'expf' [-Wincompatible-library-redeclaration]
char expf ();
     ^
conftest.c:49:6: note: 'expf' is a builtin with type 'float (float)'
1 warning generated.
configure:4251: $? = 0
configure:4251: result: yes
configure:4258: checking for cargf
configure:4258: gcc -o conftest -g -O2   conftest.c -lm -lc  >&5
conftest.c:49:6: warning: incompatible redeclaration of library function 'cargf' [-Wincompatible-library-redeclaration]
char cargf ();
     ^
conftest.c:49:6: note: 'cargf' is a builtin with type 'float (_Complex float)'
1 warning generated.
configure:4258: $? = 0
configure:4258: result: yes
configure:4265: checking for cexpf
configure:4265: gcc -o conftest -g -O2   conftest.c -lm -lc  >&5
conftest.c:49:6: warning: incompatible redeclaration of library function 'cexpf' [-Wincompatible-library-redeclaration]
char cexpf ();
     ^
conftest.c:49:6: note: 'cexpf' is a builtin with type '_Complex float (_Complex float)'
1 warning generated.
configure:4265: $? = 0
configure:4265: result: yes
configure:4272: checking for crealf
configure:4272: gcc -o conftest -g -O2   conftest.c -lm -lc  >&5
conftest.c:49:6: warning: incompatible redeclaration of library function 'crealf' [-Wincompatible-library-redeclaration]
char crealf ();
     ^
conftest.c:49:6: note: 'crealf' is a builtin with type 'float (_Complex float)'
1 warning generated.
configure:4272: $? = 0
configure:4272: result: yes
configure:4279: checking for cimagf
configure:4279: gcc -o conftest -g -O2   conftest.c -lm -lc  >&5
conftest.c:49:6: warning: incompatible redeclaration of library function 'cimagf' [-Wincompatible-library-redeclaration]
char cimagf ();
     ^
conftest.c:49:6: note: 'cimagf' is a builtin with type 'float (_Complex float)'
1 warning generated.
configure:4279: $? = 0
configure:4279: result: yes
configure:4286: checking for sqrtf
configure:4286: gcc -o conftest -g -O2   conftest.c -lm -lc  >&5
conftest.c:49:6: warning: incompatible redeclaration of library function 'sqrtf' [-Wincompatible-library-redeclaration]
char sqrtf ();
     ^
conftest.c:49:6: note: 'sqrtf' is a builtin with type 'float (float)'
1 warning generated.
configure:4286: $? = 0
configure:4286: result: yes
configure:4298: checking stdio.h usability
configure:4298: gcc -c -g -O2  conftest.c >&5
configure:4298: $? = 0
configure:4298: result: yes
configure:4298: checking stdio.h presence
configure:4298: gcc -E  conftest.c
configure:4298: $? = 0
configure:4298: result: yes
configure:4298: checking for stdio.h
configure:4298: result: yes
configure:4298: checking for stdlib.h
configure:4298: result: yes
configure:4298: checking complex.h usability
configure:4298: gcc -c -g -O2  conftest.c >&5
configure:4298: $? = 0
configure:4298: result: yes
configure:4298: checking complex.h presence
configure:4298: gcc -E  conftest.c
configure:4298: $? = 0
configure:4298: result: yes
configure:4298: checking for complex.h
configure:4298: result: yes
configure:4298: checking for string.h
configure:4298: result: yes
configure:4298: checking getopt.h usability
configure:4298: gcc -c -g -O2  conftest.c >&5
configure:4298: $? = 0
configure:4298: result: yes
configure:4298: checking getopt.h presence
configure:4298: gcc -E  conftest.c
configure:4298: $? = 0
configure:4298: result: yes
configure:4298: checking for getopt.h
configure:4298: result: yes
configure:4298: checking sys/resource.h usability
configure:4298: gcc -c -g -O2  conftest.c >&5
configure:4298: $? = 0
configure:4298: result: yes
configure:4298: checking sys/resource.h presence
configure:4298: gcc -E  conftest.c
configure:4298: $? = 0
configure:4298: result: yes
configure:4298: checking for sys/resource.h
configure:4298: result: yes
configure:4298: checking float.h usability
configure:4298: gcc -c -g -O2  conftest.c >&5
configure:4298: $? = 0
configure:4298: result: yes
configure:4298: checking float.h presence
configure:4298: gcc -E  conftest.c
configure:4298: $? = 0
configure:4298: result: yes
configure:4298: checking for float.h
configure:4298: result: yes
configure:4298: checking for inttypes.h
configure:4298: result: yes
configure:4298: checking limits.h usability
configure:4298: gcc -c -g -O2  conftest.c >&5
configure:4298: $? = 0
configure:4298: result: yes
configure:4298: checking limits.h presence
configure:4298: gcc -E  conftest.c
configure:4298: $? = 0
configure:4298: result: yes
configure:4298: checking for limits.h
configure:4298: result: yes
configure:4298: checking for stdlib.h
configure:4298: result: yes
configure:4298: checking for string.h
configure:4298: result: yes
configure:4298: checking for unistd.h
configure:4298: result: yes
configure:4317: checking fec.h usability
configure:4317: gcc -c -g -O2  conftest.c >&5
conftest.c:71:10: fatal error: 'fec.h' file not found
#include <fec.h>
         ^
1 error generated.
configure:4317: $? = 1
configure: failed program was:
| /* confdefs.h */
| #define PACKAGE_NAME "liquid-dsp"
| #define PACKAGE_TARNAME "liquid-dsp"
| #define PACKAGE_VERSION "1.2.0"
| #define PACKAGE_STRING "liquid-dsp 1.2.0"
| #define PACKAGE_BUGREPORT "support@liquidsdr.org"
| #define PACKAGE_URL ""
| #define LIQUID_FFTOVERRIDE 1
| #define STDC_HEADERS 1
| #define HAVE_SYS_TYPES_H 1
| #define HAVE_SYS_STAT_H 1
| #define HAVE_STDLIB_H 1
| #define HAVE_STRING_H 1
| #define HAVE_MEMORY_H 1
| #define HAVE_STRINGS_H 1
| #define HAVE_INTTYPES_H 1
| #define HAVE_STDINT_H 1
| #define HAVE_UNISTD_H 1
| #define HAVE_STDLIB_H 1
| #define HAVE_MALLOC 1
| #define HAVE_STDLIB_H 1
| #define HAVE_REALLOC 1
| #define HAVE_LIBC 1
| #define HAVE_LIBM 1
| #define HAVE_STDIO_H 1
| #define HAVE_STDLIB_H 1
| #define HAVE_COMPLEX_H 1
| #define HAVE_STRING_H 1
| #define HAVE_GETOPT_H 1
| #define HAVE_SYS_RESOURCE_H 1
| #define HAVE_FLOAT_H 1
| #define HAVE_INTTYPES_H 1
| #define HAVE_LIMITS_H 1
| #define HAVE_STDLIB_H 1
| #define HAVE_STRING_H 1
| #define HAVE_UNISTD_H 1
| /* end confdefs.h.  */
| #include <stdio.h>
| #ifdef HAVE_SYS_TYPES_H
| # include <sys/types.h>
| #endif
| #ifdef HAVE_SYS_STAT_H
| # include <sys/stat.h>
| #endif
| #ifdef STDC_HEADERS
| # include <stdlib.h>
| # include <stddef.h>
| #else
| # ifdef HAVE_STDLIB_H
| #  include <stdlib.h>
| # endif
| #endif
| #ifdef HAVE_STRING_H
| # if !defined STDC_HEADERS && defined HAVE_MEMORY_H
| #  include <memory.h>
| # endif
| # include <string.h>
| #endif
| #ifdef HAVE_STRINGS_H
| # include <strings.h>
| #endif
| #ifdef HAVE_INTTYPES_H
| # include <inttypes.h>
| #endif
| #ifdef HAVE_STDINT_H
| # include <stdint.h>
| #endif
| #ifdef HAVE_UNISTD_H
| # include <unistd.h>
| #endif
| #include <fec.h>
configure:4317: result: no
configure:4317: checking fec.h presence
configure:4317: gcc -E  conftest.c
conftest.c:38:10: fatal error: 'fec.h' file not found
#include <fec.h>
         ^
1 error generated.
configure:4317: $? = 1
configure: failed program was:
| /* confdefs.h */
| #define PACKAGE_NAME "liquid-dsp"
| #define PACKAGE_TARNAME "liquid-dsp"
| #define PACKAGE_VERSION "1.2.0"
| #define PACKAGE_STRING "liquid-dsp 1.2.0"
| #define PACKAGE_BUGREPORT "support@liquidsdr.org"
| #define PACKAGE_URL ""
| #define LIQUID_FFTOVERRIDE 1
| #define STDC_HEADERS 1
| #define HAVE_SYS_TYPES_H 1
| #define HAVE_SYS_STAT_H 1
| #define HAVE_STDLIB_H 1
| #define HAVE_STRING_H 1
| #define HAVE_MEMORY_H 1
| #define HAVE_STRINGS_H 1
| #define HAVE_INTTYPES_H 1
| #define HAVE_STDINT_H 1
| #define HAVE_UNISTD_H 1
| #define HAVE_STDLIB_H 1
| #define HAVE_MALLOC 1
| #define HAVE_STDLIB_H 1
| #define HAVE_REALLOC 1
| #define HAVE_LIBC 1
| #define HAVE_LIBM 1
| #define HAVE_STDIO_H 1
| #define HAVE_STDLIB_H 1
| #define HAVE_COMPLEX_H 1
| #define HAVE_STRING_H 1
| #define HAVE_GETOPT_H 1
| #define HAVE_SYS_RESOURCE_H 1
| #define HAVE_FLOAT_H 1
| #define HAVE_INTTYPES_H 1
| #define HAVE_LIMITS_H 1
| #define HAVE_STDLIB_H 1
| #define HAVE_STRING_H 1
| #define HAVE_UNISTD_H 1
| /* end confdefs.h.  */
| #include <fec.h>
configure:4317: result: no
configure:4317: checking for fec.h
configure:4317: result: no
configure:4317: checking fftw3.h usability
configure:4317: gcc -c -g -O2  conftest.c >&5
configure:4317: $? = 0
configure:4317: result: yes
configure:4317: checking fftw3.h presence
configure:4317: gcc -E  conftest.c
configure:4317: $? = 0
configure:4317: result: yes
configure:4317: checking for fftw3.h
configure:4317: result: yes
configure:4327: checking for fftwf_plan_dft_1d in -lfftw3f
configure:4352: gcc -o conftest -g -O2   conftest.c -lfftw3f  -lm -lc  >&5
configure:4352: $? = 0
configure:4361: result: yes
configure:4375: checking for create_viterbi27 in -lfec
configure:4400: gcc -o conftest -g -O2   conftest.c -lfec  -lfftw3f -lm -lc  >&5
ld: library not found for -lfec
clang: error: linker command failed with exit code 1 (use -v to see invocation)
configure:4400: $? = 1
configure: failed program was:
| /* confdefs.h */
| #define PACKAGE_NAME "liquid-dsp"
| #define PACKAGE_TARNAME "liquid-dsp"
| #define PACKAGE_VERSION "1.2.0"
| #define PACKAGE_STRING "liquid-dsp 1.2.0"
| #define PACKAGE_BUGREPORT "support@liquidsdr.org"
| #define PACKAGE_URL ""
| #define LIQUID_FFTOVERRIDE 1
| #define STDC_HEADERS 1
| #define HAVE_SYS_TYPES_H 1
| #define HAVE_SYS_STAT_H 1
| #define HAVE_STDLIB_H 1
| #define HAVE_STRING_H 1
| #define HAVE_MEMORY_H 1
| #define HAVE_STRINGS_H 1
| #define HAVE_INTTYPES_H 1
| #define HAVE_STDINT_H 1
| #define HAVE_UNISTD_H 1
| #define HAVE_STDLIB_H 1
| #define HAVE_MALLOC 1
| #define HAVE_STDLIB_H 1
| #define HAVE_REALLOC 1
| #define HAVE_LIBC 1
| #define HAVE_LIBM 1
| #define HAVE_STDIO_H 1
| #define HAVE_STDLIB_H 1
| #define HAVE_COMPLEX_H 1
| #define HAVE_STRING_H 1
| #define HAVE_GETOPT_H 1
| #define HAVE_SYS_RESOURCE_H 1
| #define HAVE_FLOAT_H 1
| #define HAVE_INTTYPES_H 1
| #define HAVE_LIMITS_H 1
| #define HAVE_STDLIB_H 1
| #define HAVE_STRING_H 1
| #define HAVE_UNISTD_H 1
| #define HAVE_FFTW3_H 1
| #define HAVE_LIBFFTW3F 1
| /* end confdefs.h.  */
| 
| /* Override any GCC internal prototype to avoid an error.
|    Use char because int might match the return type of a GCC
|    builtin and then its argument prototype would still apply.  */
| #ifdef __cplusplus
| extern "C"
| #endif
| char create_viterbi27 ();
| int
| main ()
| {
| return create_viterbi27 ();
|   ;
|   return 0;
| }
configure:4409: result: no
configure:4419: WARNING: fec library useful but not required
configure:4425: checking for inline
configure:4441: gcc -c -g -O2  conftest.c >&5
configure:4441: $? = 0
configure:4449: result: inline
configure:4467: checking for size_t
configure:4467: gcc -c -g -O2  conftest.c >&5
configure:4467: $? = 0
configure:4467: gcc -c -g -O2  conftest.c >&5
conftest.c:76:21: error: expected expression
if (sizeof ((size_t)))
                    ^
1 error generated.
configure:4467: $? = 1
configure: failed program was:
| /* confdefs.h */
| #define PACKAGE_NAME "liquid-dsp"
| #define PACKAGE_TARNAME "liquid-dsp"
| #define PACKAGE_VERSION "1.2.0"
| #define PACKAGE_STRING "liquid-dsp 1.2.0"
| #define PACKAGE_BUGREPORT "support@liquidsdr.org"
| #define PACKAGE_URL ""
| #define LIQUID_FFTOVERRIDE 1
| #define STDC_HEADERS 1
| #define HAVE_SYS_TYPES_H 1
| #define HAVE_SYS_STAT_H 1
| #define HAVE_STDLIB_H 1
| #define HAVE_STRING_H 1
| #define HAVE_MEMORY_H 1
| #define HAVE_STRINGS_H 1
| #define HAVE_INTTYPES_H 1
| #define HAVE_STDINT_H 1
| #define HAVE_UNISTD_H 1
| #define HAVE_STDLIB_H 1
| #define HAVE_MALLOC 1
| #define HAVE_STDLIB_H 1
| #define HAVE_REALLOC 1
| #define HAVE_LIBC 1
| #define HAVE_LIBM 1
| #define HAVE_STDIO_H 1
| #define HAVE_STDLIB_H 1
| #define HAVE_COMPLEX_H 1
| #define HAVE_STRING_H 1
| #define HAVE_GETOPT_H 1
| #define HAVE_SYS_RESOURCE_H 1
| #define HAVE_FLOAT_H 1
| #define HAVE_INTTYPES_H 1
| #define HAVE_LIMITS_H 1
| #define HAVE_STDLIB_H 1
| #define HAVE_STRING_H 1
| #define HAVE_UNISTD_H 1
| #define HAVE_FFTW3_H 1
| #define HAVE_LIBFFTW3F 1
| /* end confdefs.h.  */
| #include <stdio.h>
| #ifdef HAVE_SYS_TYPES_H
| # include <sys/types.h>
| #endif
| #ifdef HAVE_SYS_STAT_H
| # include <sys/stat.h>
| #endif
| #ifdef STDC_HEADERS
| # include <stdlib.h>
| # include <stddef.h>
| #else
| # ifdef HAVE_STDLIB_H
| #  include <stdlib.h>
| # endif
| #endif
| #ifdef HAVE_STRING_H
| # if !defined STDC_HEADERS && defined HAVE_MEMORY_H
| #  include <memory.h>
| # endif
| # include <string.h>
| #endif
| #ifdef HAVE_STRINGS_H
| # include <strings.h>
| #endif
| #ifdef HAVE_INTTYPES_H
| # include <inttypes.h>
| #endif
| #ifdef HAVE_STDINT_H
| # include <stdint.h>
| #endif
| #ifdef HAVE_UNISTD_H
| # include <unistd.h>
| #endif
| int
| main ()
| {
| if (sizeof ((size_t)))
| 	    return 0;
|   ;
|   return 0;
| }
configure:4467: result: yes
configure:4478: checking for uint32_t
configure:4478: gcc -c -g -O2  conftest.c >&5
configure:4478: $? = 0
configure:4478: result: yes
configure:4492: checking for uint8_t
configure:4492: gcc -c -g -O2  conftest.c >&5
configure:4492: $? = 0
configure:4492: result: yes
configure:4512: checking size of int
configure:4517: gcc -o conftest -g -O2   conftest.c -lfftw3f -lm -lc  >&5
configure:4517: $? = 0
configure:4517: ./conftest
configure:4517: $? = 0
configure:4531: result: 4
configure:4545: checking size of unsigned int
configure:4550: gcc -o conftest -g -O2   conftest.c -lfftw3f -lm -lc  >&5
configure:4550: $? = 0
configure:4550: ./conftest
configure:4550: $? = 0
configure:4564: result: 4
configure:4583: checking build system type
configure:4597: result: x86_64-apple-darwin14.3.0
configure:4617: checking host system type
configure:4630: result: x86_64-apple-darwin14.3.0
configure:4662: checking for gcc architecture flag
configure:4664: result: 
configure:4686: checking for x86 cpuid 0 output
configure:4715: gcc -o conftest -g -O2   conftest.c -lfftw3f -lm -lc  >&5
configure:4715: $? = 0
configure:4715: ./conftest
configure:4715: $? = 0
configure:4725: result: d:756e6547:6c65746e:49656e69
configure:4741: checking for x86 cpuid 1 output
configure:4770: gcc -o conftest -g -O2   conftest.c -lfftw3f -lm -lc  >&5
configure:4770: $? = 0
configure:4770: ./conftest
configure:4770: $? = 0
configure:4780: result: 1067a:1020800:408e3fd:bfebfbff
configure:5004: checking whether C compiler accepts -march=penryn
configure:5023: gcc -c -g -O2  -march=penryn  conftest.c >&5
configure:5023: $? = 0
configure:5032: result: yes
configure:5049: checking for gcc architecture flag
configure:5051: result: -march=penryn
configure:5070: checking target system type
configure:5083: result: x86_64-apple-darwin14.3.0
configure:5129: checking for x86 cpuid 0x00000001 output
configure:5158: gcc -o conftest -g -O2 -march=penryn   conftest.c -lfftw3f -lm -lc  >&5
configure:5158: $? = 0
configure:5158: ./conftest
configure:5158: $? = 0
configure:5168: result: 1067a:20800:408e3fd:bfebfbff
configure:5183: checking mmintrin.h usability
configure:5183: gcc -c -g -O2 -march=penryn  conftest.c >&5
configure:5183: $? = 0
configure:5183: result: yes
configure:5183: checking mmintrin.h presence
configure:5183: gcc -E  conftest.c
configure:5183: $? = 0
configure:5183: result: yes
configure:5183: checking for mmintrin.h
configure:5183: result: yes
configure:5183: checking xmmintrin.h usability
configure:5183: gcc -c -g -O2 -march=penryn  conftest.c >&5
configure:5183: $? = 0
configure:5183: result: yes
configure:5183: checking xmmintrin.h presence
configure:5183: gcc -E  conftest.c
configure:5183: $? = 0
configure:5183: result: yes
configure:5183: checking for xmmintrin.h
configure:5183: result: yes
configure:5183: checking emmintrin.h usability
configure:5183: gcc -c -g -O2 -march=penryn  conftest.c >&5
configure:5183: $? = 0
configure:5183: result: yes
configure:5183: checking emmintrin.h presence
configure:5183: gcc -E  conftest.c
configure:5183: $? = 0
configure:5183: result: yes
configure:5183: checking for emmintrin.h
configure:5183: result: yes
configure:5183: checking pmmintrin.h usability
configure:5183: gcc -c -g -O2 -march=penryn  conftest.c >&5
configure:5183: $? = 0
configure:5183: result: yes
configure:5183: checking pmmintrin.h presence
configure:5183: gcc -E  conftest.c
configure:5183: $? = 0
configure:5183: result: yes
configure:5183: checking for pmmintrin.h
configure:5183: result: yes
configure:5183: checking tmmintrin.h usability
configure:5183: gcc -c -g -O2 -march=penryn  conftest.c >&5
configure:5183: $? = 0
configure:5183: result: yes
configure:5183: checking tmmintrin.h presence
configure:5183: gcc -E  conftest.c
configure:5183: $? = 0
configure:5183: result: yes
configure:5183: checking for tmmintrin.h
configure:5183: result: yes
configure:5183: checking smmintrin.h usability
configure:5183: gcc -c -g -O2 -march=penryn  conftest.c >&5
configure:5183: $? = 0
configure:5183: result: yes
configure:5183: checking smmintrin.h presence
configure:5183: gcc -E  conftest.c
In file included from conftest.c:47:
/Applications/Xcode.app/Contents/Developer/Toolchains/XcodeDefault.xctoolchain/usr/bin/../lib/clang/6.1.0/include/smmintrin.h:28:2: error: "SSE4.1 instruction set not enabled"
#error "SSE4.1 instruction set not enabled"
 ^
1 error generated.
configure:5183: $? = 1
configure: failed program was:
| /* confdefs.h */
| #define PACKAGE_NAME "liquid-dsp"
| #define PACKAGE_TARNAME "liquid-dsp"
| #define PACKAGE_VERSION "1.2.0"
| #define PACKAGE_STRING "liquid-dsp 1.2.0"
| #define PACKAGE_BUGREPORT "support@liquidsdr.org"
| #define PACKAGE_URL ""
| #define LIQUID_FFTOVERRIDE 1
| #define STDC_HEADERS 1
| #define HAVE_SYS_TYPES_H 1
| #define HAVE_SYS_STAT_H 1
| #define HAVE_STDLIB_H 1
| #define HAVE_STRING_H 1
| #define HAVE_MEMORY_H 1
| #define HAVE_STRINGS_H 1
| #define HAVE_INTTYPES_H 1
| #define HAVE_STDINT_H 1
| #define HAVE_UNISTD_H 1
| #define HAVE_STDLIB_H 1
| #define HAVE_MALLOC 1
| #define HAVE_STDLIB_H 1
| #define HAVE_REALLOC 1
| #define HAVE_LIBC 1
| #define HAVE_LIBM 1
| #define HAVE_STDIO_H 1
| #define HAVE_STDLIB_H 1
| #define HAVE_COMPLEX_H 1
| #define HAVE_STRING_H 1
| #define HAVE_GETOPT_H 1
| #define HAVE_SYS_RESOURCE_H 1
| #define HAVE_FLOAT_H 1
| #define HAVE_INTTYPES_H 1
| #define HAVE_LIMITS_H 1
| #define HAVE_STDLIB_H 1
| #define HAVE_STRING_H 1
| #define HAVE_UNISTD_H 1
| #define HAVE_FFTW3_H 1
| #define HAVE_LIBFFTW3F 1
| #define SIZEOF_INT 4
| #define SIZEOF_UNSIGNED_INT 4
| #define HAVE_MMINTRIN_H 1
| #define HAVE_XMMINTRIN_H 1
| #define HAVE_EMMINTRIN_H 1
| #define HAVE_PMMINTRIN_H 1
| #define HAVE_TMMINTRIN_H 1
| /* end confdefs.h.  */
| #include <smmintrin.h>
configure:5183: result: no
configure:5183: WARNING: smmintrin.h: accepted by the compiler, rejected by the preprocessor!
configure:5183: WARNING: smmintrin.h: proceeding with the compiler's result
configure:5183: checking for smmintrin.h
configure:5183: result: yes
configure:5183: checking immintrin.h usability
configure:5183: gcc -c -g -O2 -march=penryn  conftest.c >&5
configure:5183: $? = 0
configure:5183: result: yes
configure:5183: checking immintrin.h presence
configure:5183: gcc -E  conftest.c
configure:5183: $? = 0
configure:5183: result: yes
configure:5183: checking for immintrin.h
configure:5183: result: yes
configure:5194: checking whether mmx is supported
configure:5206: result: yes
configure:5209: checking whether sse is supported
configure:5221: result: yes
configure:5224: checking whether sse2 is supported
configure:5236: result: yes
configure:5239: checking whether sse3 is supported
configure:5251: result: yes
configure:5254: checking whether ssse3 is supported
configure:5266: result: yes
configure:5269: checking whether sse4.1 is supported
configure:5281: result: yes
configure:5284: checking whether sse4.2 is supported
configure:5296: result: no
configure:5299: checking whether avx is supported
configure:5311: result: no
configure:5318: checking whether C compiler accepts -mmmx
configure:5337: gcc -c -g -O2 -march=penryn  -mmmx  conftest.c >&5
configure:5337: $? = 0
configure:5345: result: yes
configure:5359: checking whether C compiler accepts -msse
configure:5378: gcc -c -g -O2 -march=penryn  -msse  conftest.c >&5
configure:5378: $? = 0
configure:5386: result: yes
configure:5400: checking whether C compiler accepts -msse2
configure:5419: gcc -c -g -O2 -march=penryn  -msse2  conftest.c >&5
configure:5419: $? = 0
configure:5427: result: yes
configure:5441: checking whether C compiler accepts -msse3
configure:5460: gcc -c -g -O2 -march=penryn  -msse3  conftest.c >&5
configure:5460: $? = 0
configure:5468: result: yes
configure:5482: checking whether C compiler accepts -mssse3
configure:5501: gcc -c -g -O2 -march=penryn  -mssse3  conftest.c >&5
configure:5501: $? = 0
configure:5509: result: yes
configure:5523: checking whether C compiler accepts -msse4.1
configure:5542: gcc -c -g -O2 -march=penryn  -msse4.1  conftest.c >&5
configure:5542: $? = 0
configure:5550: result: yes
configure:5850: creating ./config.status

## ---------------------- ##
## Running config.status. ##
## ---------------------- ##

This file was extended by liquid-dsp config.status 1.2.0, which was
generated by GNU Autoconf 2.69.  Invocation command line was

  CONFIG_FILES    = 
  CONFIG_HEADERS  = 
  CONFIG_LINKS    = 
  CONFIG_COMMANDS = 
  $ ./config.status 

on Bills-MacBook-Pro-7.local

config.status:863: creating makefile
config.status:863: creating config.h

## ---------------- ##
## Cache variables. ##
## ---------------- ##

ac_cv_build=x86_64-apple-darwin14.3.0
ac_cv_c_compiler_gnu=yes
ac_cv_c_inline=inline
ac_cv_c_uint32_t=yes
ac_cv_c_uint8_t=yes
ac_cv_env_CC_set=set
ac_cv_env_CC_value=gcc
ac_cv_env_CFLAGS_set=
ac_cv_env_CFLAGS_value=
ac_cv_env_CPPFLAGS_set=
ac_cv_env_CPPFLAGS_value=
ac_cv_env_CPP_set=
ac_cv_env_CPP_value=
ac_cv_env_LDFLAGS_set=
ac_cv_env_LDFLAGS_value=
ac_cv_env_LIBS_set=
ac_cv_env_LIBS_value=
ac_cv_env_build_alias_set=
ac_cv_env_build_alias_value=
ac_cv_env_host_alias_set=
ac_cv_env_host_alias_value=
ac_cv_env_target_alias_set=
ac_cv_env_target_alias_value=
ac_cv_func_cargf=yes
ac_cv_func_cexpf=yes
ac_cv_func_cimagf=yes
ac_cv_func_cosf=yes
ac_cv_func_crealf=yes
ac_cv_func_expf=yes
ac_cv_func_free=yes
ac_cv_func_malloc=yes
ac_cv_func_malloc_0_nonnull=yes
ac_cv_func_memmove=yes
ac_cv_func_memset=yes
ac_cv_func_realloc=yes
ac_cv_func_realloc_0_nonnull=yes
ac_cv_func_sinf=yes
ac_cv_func_sqrtf=yes
ac_cv_header_complex_h=yes
ac_cv_header_emmintrin_h=yes
ac_cv_header_fec_h=no
ac_cv_header_fftw3_h=yes
ac_cv_header_float_h=yes
ac_cv_header_getopt_h=yes
ac_cv_header_immintrin_h=yes
ac_cv_header_inttypes_h=yes
ac_cv_header_limits_h=yes
ac_cv_header_memory_h=yes
ac_cv_header_mmintrin_h=yes
ac_cv_header_pmmintrin_h=yes
ac_cv_header_smmintrin_h=yes
ac_cv_header_stdc=yes
ac_cv_header_stdint_h=yes
ac_cv_header_stdio_h=yes
ac_cv_header_stdlib_h=yes
ac_cv_header_string_h=yes
ac_cv_header_strings_h=yes
ac_cv_header_sys_resource_h=yes
ac_cv_header_sys_stat_h=yes
ac_cv_header_sys_types_h=yes
ac_cv_header_tmmintrin_h=yes
ac_cv_header_unistd_h=yes
ac_cv_header_xmmintrin_h=yes
ac_cv_host=x86_64-apple-darwin14.3.0
ac_cv_lib_c_main=yes
ac_cv_lib_error_at_line=no
ac_cv_lib_fec_create_viterbi27=no
ac_cv_lib_fftw3f_fftwf_plan_dft_1d=yes
ac_cv_lib_m_main=yes
ac_cv_objext=o
ac_cv_path_EGREP='/opt/local/bin/grep -E'
ac_cv_path_GREP=/opt/local/bin/grep
ac_cv_path_SED=/opt/local/bin/gsed
ac_cv_path_install='/opt/local/bin/ginstall -c'
ac_cv_prog_CPP='gcc -E'
ac_cv_prog_ac_ct_CC=gcc
ac_cv_prog_ac_ct_RANLIB=ranlib
ac_cv_prog_cc_c89=
ac_cv_prog_cc_g=yes
ac_cv_sizeof_int=4
ac_cv_sizeof_unsigned_int=4
ac_cv_target=x86_64-apple-darwin14.3.0
ac_cv_type_size_t=yes
ax_cv_check_cflags___march_penryn=yes
ax_cv_check_cflags___mmmx=yes
ax_cv_check_cflags___msse2=yes
ax_cv_check_cflags___msse3=yes
ax_cv_check_cflags___msse4_1=yes
ax_cv_check_cflags___msse=yes
ax_cv_check_cflags___mssse3=yes
ax_cv_gcc_archflag=-march=penryn
ax_cv_gcc_x86_cpuid_0=d:756e6547:6c65746e:49656e69
ax_cv_gcc_x86_cpuid_0x00000001=1067a:20800:408e3fd:bfebfbff
ax_cv_gcc_x86_cpuid_1=1067a:1020800:408e3fd:bfebfbff
ax_cv_have_avx_ext=no
ax_cv_have_mmx_ext=yes
ax_cv_have_sse2_ext=yes
ax_cv_have_sse3_ext=yes
ax_cv_have_sse41_ext=yes
ax_cv_have_sse42_ext=no
ax_cv_have_sse_ext=yes
ax_cv_have_ssse3_ext=yes

## ----------------- ##
## Output variables. ##
## ----------------- ##

ARCH_OPTION=''
CC='gcc'
CFLAGS='-g -O2 -march=penryn'
CLIB=''
CPP='gcc -E'
CPPFLAGS=''
DEBUG_OPTION=''
DEFS='-DHAVE_CONFIG_H'
ECHO_C='\c'
ECHO_N=''
ECHO_T=''
EGREP='/opt/local/bin/grep -E'
EXEEXT=''
GREP='/opt/local/bin/grep'
INSTALL_DATA='${INSTALL} -m 644'
INSTALL_PROGRAM='${INSTALL}'
INSTALL_SCRIPT='${INSTALL}'
LDFLAGS=''
LIBOBJS=' ${LIBOBJDIR}error$U.o'
LIBS='-lfftw3f -lm -lc '
LTLIBOBJS=' ${LIBOBJDIR}error$U.lo'
MLIBS_DOTPROD='src/dotprod/src/dotprod_cccf.mmx.o                            src/dotprod/src/dotprod_crcf.mmx.o                            src/dotprod/src/dotprod_rrrf.mmx.o                            src/dotprod/src/sumsq.mmx.o'
MLIBS_VECTOR='src/vector/src/vectorf_add.port.o                 src/vector/src/vectorf_norm.port.o                src/vector/src/vectorf_mul.port.o                 src/vector/src/vectorf_trig.port.o                src/vector/src/vectorcf_add.port.o                src/vector/src/vectorcf_norm.port.o               src/vector/src/vectorcf_mul.port.o                src/vector/src/vectorcf_trig.port.o'
OBJEXT='o'
PACKAGE_BUGREPORT='support@liquidsdr.org'
PACKAGE_NAME='liquid-dsp'
PACKAGE_STRING='liquid-dsp 1.2.0'
PACKAGE_TARNAME='liquid-dsp'
PACKAGE_URL=''
PACKAGE_VERSION='1.2.0'
PATH_SEPARATOR=':'
PRTDIAG=''
RANLIB='ranlib'
REBIND=''
SED='/opt/local/bin/gsed'
SHELL='/bin/sh'
SH_LIB='libliquid.dylib'
SIMD_FLAGS=' -mmmx -msse -msse2 -msse3 -mssse3 -msse4.1'
ac_ct_CC='gcc'
bindir='${exec_prefix}/bin'
build='x86_64-apple-darwin14.3.0'
build_alias=''
build_cpu='x86_64'
build_os='darwin14.3.0'
build_vendor='apple'
datadir='${datarootdir}'
datarootdir='${prefix}/share'
docdir='${datarootdir}/doc/${PACKAGE_TARNAME}'
dvidir='${docdir}'
exec_prefix='${prefix}'
host='x86_64-apple-darwin14.3.0'
host_alias=''
host_cpu='x86_64'
host_os='darwin14.3.0'
host_vendor='apple'
htmldir='${docdir}'
includedir='${prefix}/include'
infodir='${datarootdir}/info'
libdir='${exec_prefix}/lib'
libexecdir='${exec_prefix}/libexec'
localedir='${datarootdir}/locale'
localstatedir='${prefix}/var'
mandir='${datarootdir}/man'
oldincludedir='/usr/include'
pdfdir='${docdir}'
prefix='/usr/local'
program_transform_name='s,x,x,'
psdir='${docdir}'
sbindir='${exec_prefix}/sbin'
sharedstatedir='${prefix}/com'
sysconfdir='${prefix}/etc'
target='x86_64-apple-darwin14.3.0'
target_alias=''
target_cpu='x86_64'
target_os='darwin14.3.0'
target_vendor='apple'

## ----------- ##
## confdefs.h. ##
## ----------- ##

/* confdefs.h */
#define PACKAGE_NAME "liquid-dsp"
#define PACKAGE_TARNAME "liquid-dsp"
#define PACKAGE_VERSION "1.2.0"
#define PACKAGE_STRING "liquid-dsp 1.2.0"
#define PACKAGE_BUGREPORT "support@liquidsdr.org"
#define PACKAGE_URL ""
#define LIQUID_FFTOVERRIDE 1
#define STDC_HEADERS 1
#define HAVE_SYS_TYPES_H 1
#define HAVE_SYS_STAT_H 1
#define HAVE_STDLIB_H 1
#define HAVE_STRING_H 1
#define HAVE_MEMORY_H 1
#define HAVE_STRINGS_H 1
#define HAVE_INTTYPES_H 1
#define HAVE_STDINT_H 1
#define HAVE_UNISTD_H 1
#define HAVE_STDLIB_H 1
#define HAVE_MALLOC 1
#define HAVE_STDLIB_H 1
#define HAVE_REALLOC 1
#define HAVE_LIBC 1
#define HAVE_LIBM 1
#define HAVE_STDIO_H 1
#define HAVE_STDLIB_H 1
#define HAVE_COMPLEX_H 1
#define HAVE_STRING_H 1
#define HAVE_GETOPT_H 1
#define HAVE_SYS_RESOURCE_H 1
#define HAVE_FLOAT_H 1
#define HAVE_INTTYPES_H 1
#define HAVE_LIMITS_H 1
#define HAVE_STDLIB_H 1
#define HAVE_STRING_H 1
#define HAVE_UNISTD_H 1
#define HAVE_FFTW3_H 1
#define HAVE_LIBFFTW3F 1
#define SIZEOF_INT 4
#define SIZEOF_UNSIGNED_INT 4
#define HAVE_MMINTRIN_H 1
#define HAVE_XMMINTRIN_H 1
#define HAVE_EMMINTRIN_H 1
#define HAVE_PMMINTRIN_H 1
#define HAVE_TMMINTRIN_H 1
#define HAVE_SMMINTRIN_H 1
#define HAVE_IMMINTRIN_H 1
#define HAVE_MMX /**/
#define HAVE_SSE /**/
#define HAVE_SSE2 /**/
#define HAVE_SSE3 /**/
#define HAVE_SSSE3 /**/
#define HAVE_SSE41 /**/

configure: exit 0
